Target Part: A2F200M3F_FBGA484_STD
Report for cell SourceSM.verilog
  Core Cell usage:
              cell count     area count*area
               AX1     1      1.0        1.0
               GND     3      0.0        0.0
               MX2     8      1.0        8.0
              NOR2     2      1.0        2.0
             NOR2A     9      1.0        9.0
             NOR2B     8      1.0        8.0
              NOR3     1      1.0        1.0
              OA1B     1      1.0        1.0
               VCC     3      0.0        0.0
              XA1B     6      1.0        6.0


              DFN1    18      1.0       18.0
                   -----          ----------
             TOTAL    60                54.0


  IO Cell usage:
              cell count
            CLKBUF     1
             INBUF     2
            OUTBUF     9
                   -----
             TOTAL    12


Core Cells         : 54 of 4608 (1%)
IO Cells           : 12

  RAM/ROM Usage Summary
Block Rams : 0 of 8 (0%)

