Target Part: A2F500M3G_PQFP208_-1
Report for cell Strained.verilog
  Core Cell usage:
              cell count     area count*area
               GND     1      0.0        0.0
              NOR2     1      1.0        1.0
             NOR2B    25      1.0       25.0
             NOR3C     7      1.0        7.0
               VCC     1      0.0        0.0
              XA1B    23      1.0       23.0


              DFN1    24      1.0       24.0
                   -----          ----------
             TOTAL    82                80.0


  IO Cell usage:
              cell count
            CLKBUF     1
             INBUF     1
            OUTBUF     1
                   -----
             TOTAL     3


Core Cells         : 80 of 11520 (1%)
IO Cells           : 3

  RAM/ROM Usage Summary
Block Rams : 0 of 24 (0%)

