# Reading C:/Microsemi/Libero_SoC_v11.8/Modelsim/tcl/vsim/pref.tcl
# do run.do
# INFO: Simulation library postsynth already exists
# Model Technology ModelSim Microsemi vmap 10.5c Lib Mapping Utility 2016.07 Jul 21 2016
# vmap postsynth postsynth 
# Modifying modelsim.ini
# Model Technology ModelSim Microsemi vmap 10.5c Lib Mapping Utility 2016.07 Jul 21 2016
# vmap smartfusion C:/Microsemi/Libero_SoC_v11.8/Designer/lib/modelsim/precompiled/vlog/smartfusion 
# Modifying modelsim.ini
# Model Technology ModelSim Microsemi vlog 10.5c Compiler 2016.07 Jul 21 2016
# Start time: 16:26:40 on Nov 03,2019
# vlog -reportprogress 300 -vlog01compat -work postsynth C:/Microsemi_Prj/hw7/SkewedProblemCounter/synthesis/top_level_counter.v 
# -- Compiling module myCounter
# -- Compiling module skewedClock
# -- Compiling module top_level_counter
# 
# Top level modules:
# 	top_level_counter
# End time: 16:26:40 on Nov 03,2019, Elapsed time: 0:00:00
# Errors: 0, Warnings: 0
# Model Technology ModelSim Microsemi vlog 10.5c Compiler 2016.07 Jul 21 2016
# Start time: 16:26:40 on Nov 03,2019
# vlog -reportprogress 300 "+incdir+C:/Microsemi_Prj/hw7/SkewedProblemCounter/stimulus" -vlog01compat -work postsynth C:/Microsemi_Prj/hw7/SkewedProblemCounter/stimulus/skewed_tb.v 
# -- Compiling module skewed_tb
# 
# Top level modules:
# 	skewed_tb
# End time: 16:26:40 on Nov 03,2019, Elapsed time: 0:00:00
# Errors: 0, Warnings: 0
# vsim -L smartfusion -L postsynth -t 1ps postsynth.skewed_tb 
# Start time: 16:26:40 on Nov 03,2019
# //  ModelSim Microsemi 10.5c Jul 21 2016
# //
# //  Copyright 1991-2016 Mentor Graphics Corporation
# //  All Rights Reserved.
# //
# //  ModelSim Microsemi and its associated documentation contain trade
# //  secrets and commercial or financial information that are the property of
# //  Mentor Graphics Corporation and are privileged, confidential,
# //  and exempt from disclosure under the Freedom of Information Act,
# //  5 U.S.C. Section 552. Furthermore, this information
# //  is prohibited from disclosure under the Trade Secrets Act,
# //  18 U.S.C. Section 1905.
# //
# Loading postsynth.skewed_tb
# Loading postsynth.top_level_counter
# Loading smartfusion.OUTBUF
# Loading smartfusion.CLKBUF
# Loading postsynth.myCounter
# Loading smartfusion.NOR2A
# Loading smartfusion.NOR3C
# Loading smartfusion.DFN1E0
# Loading smartfusion.OR2B
# Loading smartfusion.NOR2B
# Loading smartfusion.VCC
# Loading smartfusion.AOI1
# Loading smartfusion.XA1A
# Loading smartfusion.XNOR2
# Loading smartfusion.XA1
# Loading smartfusion.NOR3B
# Loading smartfusion.GND
# Loading smartfusion.NOR2
# Loading smartfusion.XOR2
# Loading smartfusion.NOR3A
# Loading smartfusion.AX1A
# Loading smartfusion.NOR3
# Loading smartfusion.OR2A
# Loading smartfusion.INBUF
# Loading postsynth.skewedClock
# Loading smartfusion.INV
# Loading smartfusion.DFN1P0
# Loading smartfusion.Dffpr
# Loading smartfusion.UDPN_MUX2
# Loading smartfusion.UDP_MUX2
# End time: 16:27:51 on Nov 03,2019, Elapsed time: 0:01:11
# Errors: 0, Warnings: 0
