# Reading C:/Microsemi/Libero_SoC_v11.8/Modelsim/tcl/vsim/pref.tcl
# do run.do
# INFO: Simulation library ../designer/impl1/simulation/postlayout already exists
# Model Technology ModelSim Microsemi vmap 10.5c Lib Mapping Utility 2016.07 Jul 21 2016
# vmap postlayout ../designer/impl1/simulation/postlayout 
# Modifying modelsim.ini
# Model Technology ModelSim Microsemi vmap 10.5c Lib Mapping Utility 2016.07 Jul 21 2016
# vmap smartfusion C:/Microsemi/Libero_SoC_v11.8/Designer/lib/modelsim/precompiled/vlog/smartfusion 
# Modifying modelsim.ini
# Model Technology ModelSim Microsemi vlog 10.5c Compiler 2016.07 Jul 21 2016
# Start time: 12:50:44 on Nov 03,2019
# vlog -reportprogress 300 -vlog01compat -work postlayout C:/Microsemi_Prj/hw7/SkewedProblemCounter/designer/impl1/top_level_counter_ba.v 
# -- Compiling module top_level_counter
# 
# Top level modules:
# 	top_level_counter
# End time: 12:50:44 on Nov 03,2019, Elapsed time: 0:00:00
# Errors: 0, Warnings: 0
# Model Technology ModelSim Microsemi vlog 10.5c Compiler 2016.07 Jul 21 2016
# Start time: 12:50:44 on Nov 03,2019
# vlog -reportprogress 300 "+incdir+C:/Microsemi_Prj/hw7/SkewedProblemCounter/stimulus" -vlog01compat -work postlayout C:/Microsemi_Prj/hw7/SkewedProblemCounter/stimulus/top_level_counter_tb.v 
# -- Compiling module top_level_counter_tb
# 
# Top level modules:
# 	top_level_counter_tb
# End time: 12:50:44 on Nov 03,2019, Elapsed time: 0:00:00
# Errors: 0, Warnings: 0
# vsim -L smartfusion -L postlayout -t 1ps -sdfmax /top_level_counter_0=C:/Microsemi_Prj/hw7/SkewedProblemCounter/designer/impl1/top_level_counter_ba.sdf postlayout.top_level_counter_tb 
# Start time: 12:50:44 on Nov 03,2019
# //  ModelSim Microsemi 10.5c Jul 21 2016
# //
# //  Copyright 1991-2016 Mentor Graphics Corporation
# //  All Rights Reserved.
# //
# //  ModelSim Microsemi and its associated documentation contain trade
# //  secrets and commercial or financial information that are the property of
# //  Mentor Graphics Corporation and are privileged, confidential,
# //  and exempt from disclosure under the Freedom of Information Act,
# //  5 U.S.C. Section 552. Furthermore, this information
# //  is prohibited from disclosure under the Trade Secrets Act,
# //  18 U.S.C. Section 1905.
# //
# Loading postlayout.top_level_counter_tb
# Loading postlayout.skewedClock
# Loading smartfusion.IOIN_IB
# Loading smartfusion.DFN1P0
# Loading smartfusion.IOTRI_OB_EB
# Loading smartfusion.INV
# Loading smartfusion.IOPAD_TRI
# Loading smartfusion.IOPAD_IN
# Loading smartfusion.GND
# Loading smartfusion.VCC
# Loading postlayout.myCounter
# Loading smartfusion.XA1B
# Loading smartfusion.NOR2B
# Loading smartfusion.DFN1
# Loading smartfusion.NOR2
# Loading smartfusion.NOR2A
# Loading smartfusion.NOR3C
# Loading smartfusion.AX1C
# Loading smartfusion.CLKSRC
# SDF 10.5c Compiler 2016.07 Jul 21 2016
# 
# Loading instances from C:/Microsemi_Prj/hw7/SkewedProblemCounter/designer/impl1/top_level_counter_ba.sdf
# ** Error (suppressible): (vsim-SDF-3250) C:/Microsemi_Prj/hw7/SkewedProblemCounter/designer/impl1/top_level_counter_ba.sdf(0): Failed to find INSTANCE '/top_level_counter_0'.
# ** Error (suppressible): (vsim-SDF-3894) : Errors occured in reading and resolving instances from compiled SDF file(s).
# Loading smartfusion.Dffpr
# ** Error: (vsim-3389) C:/Microsemi_Prj/hw7/SkewedProblemCounter/stimulus/top_level_counter_tb.v(73): Port 'sQ0' not found in the connected module (3rd connection).
#    Time: 0 ps  Iteration: 0  Instance: /top_level_counter_tb/myCounter_0 File: C:/Microsemi_Prj/hw7/SkewedProblemCounter/designer/impl1/myCounter_ba.v
# ** Error: (vsim-3389) C:/Microsemi_Prj/hw7/SkewedProblemCounter/stimulus/top_level_counter_tb.v(73): Port 'sQ1' not found in the connected module (4th connection).
#    Time: 0 ps  Iteration: 0  Instance: /top_level_counter_tb/myCounter_0 File: C:/Microsemi_Prj/hw7/SkewedProblemCounter/designer/impl1/myCounter_ba.v
# ** Error: (vsim-3389) C:/Microsemi_Prj/hw7/SkewedProblemCounter/stimulus/top_level_counter_tb.v(73): Port 'sQ2' not found in the connected module (5th connection).
#    Time: 0 ps  Iteration: 0  Instance: /top_level_counter_tb/myCounter_0 File: C:/Microsemi_Prj/hw7/SkewedProblemCounter/designer/impl1/myCounter_ba.v
# ** Error: (vsim-3389) C:/Microsemi_Prj/hw7/SkewedProblemCounter/stimulus/top_level_counter_tb.v(73): Port 'sQ3' not found in the connected module (6th connection).
#    Time: 0 ps  Iteration: 0  Instance: /top_level_counter_tb/myCounter_0 File: C:/Microsemi_Prj/hw7/SkewedProblemCounter/designer/impl1/myCounter_ba.v
# ** Error: (vsim-3389) C:/Microsemi_Prj/hw7/SkewedProblemCounter/stimulus/top_level_counter_tb.v(73): Port 'TC' not found in the connected module (8th connection).
#    Time: 0 ps  Iteration: 0  Instance: /top_level_counter_tb/myCounter_0 File: C:/Microsemi_Prj/hw7/SkewedProblemCounter/designer/impl1/myCounter_ba.v
# ** Fatal: (vsim-3365) C:/Microsemi_Prj/hw7/SkewedProblemCounter/stimulus/top_level_counter_tb.v(73): Too many port connections. Expected 3, found 8.
#    Time: 0 ps  Iteration: 0  Instance: /top_level_counter_tb/myCounter_0 File: C:/Microsemi_Prj/hw7/SkewedProblemCounter/designer/impl1/myCounter_ba.v
# FATAL ERROR while loading design
# Error loading design
# Error: Error loading design
#        Pausing macro execution
# MACRO ./run.do PAUSED at line 16
# End time: 12:55:14 on Nov 03,2019, Elapsed time: 0:04:30
# Errors: 8, Warnings: 0
