
Starting:    C:\Microsemi\Libero_SoC_v11.8\SynplifyPro\bin64\mbin\synbatch.exe
Install:     C:\Microsemi\Libero_SoC_v11.8\SynplifyPro
Hostname:    MSI
Date:        Mon Dec 02 19:59:24 2019
Version:     L-2016.09M-2

Arguments:   -product synplify_pro -licensetype synplifypro_actel -batch -log synplify.log Handshake_syn.tcl
ProductType: synplify_pro

License checkout: synplifypro_actel
License: synplifypro_actel node-locked 
Licensed Vendor: actel
License Option: actel_oem

Running in Vendor Mode


auto_infer_blackbox is not supported in current product.

log file: "C:\Microsemi_Prj\hw9\p1b\synthesis\Handshake.srr"

Running: synthesis in foreground



Running Handshake_syn|synthesis


Running: compile (Compile) on Handshake_syn|synthesis
# Mon Dec 02 19:59:24 2019


Running: compile_flow (Compile Process) on Handshake_syn|synthesis
# Mon Dec 02 19:59:24 2019


Running: compiler (Compile Input) on Handshake_syn|synthesis
# Mon Dec 02 19:59:24 2019

Copied C:\Microsemi_Prj\hw9\p1b\synthesis\synwork\Handshake_comp.srs to C:\Microsemi_Prj\hw9\p1b\synthesis\Handshake.srs


compiler completed
# Mon Dec 02 19:59:26 2019

Return Code: 0
Run Time:00h:00m:02s


Running: multi_srs_gen (Multi-srs Generator) on Handshake_syn|synthesis
# Mon Dec 02 19:59:26 2019


multi_srs_gen completed
# Mon Dec 02 19:59:26 2019

Return Code: 0
Run Time:00h:00m:00s

Copied C:\Microsemi_Prj\hw9\p1b\synthesis\synwork\Handshake_mult.srs to C:\Microsemi_Prj\hw9\p1b\synthesis\Handshake.srs

Complete: Compile Process on Handshake_syn|synthesis


Running: premap (Pre-mapping) on Handshake_syn|synthesis
# Mon Dec 02 19:59:26 2019


premap completed
# Mon Dec 02 19:59:26 2019

Return Code: 0
Run Time:00h:00m:00s

Complete: Compile on Handshake_syn|synthesis


Running: map (Map) on Handshake_syn|synthesis
# Mon Dec 02 19:59:26 2019

License granted for 4 parallel jobs


Running: fpga_mapper (Map & Optimize) on Handshake_syn|synthesis
# Mon Dec 02 19:59:26 2019

Copied C:\Microsemi_Prj\hw9\p1b\synthesis\synwork\Handshake_m.srm to C:\Microsemi_Prj\hw9\p1b\synthesis\Handshake.srm


fpga_mapper completed
# Mon Dec 02 19:59:27 2019

Return Code: 0
Run Time:00h:00m:01s

Complete: Map on Handshake_syn|synthesis

Complete: Logic Synthesis on Handshake_syn|synthesis

TCL script complete: "Handshake_syn.tcl"

exit status=0

exit status=0

License checkin: synplifypro_actel

