Microsemi Libero Software
Version: 11.8.0.26
Release: v11.8

Info: The design Handshake.adb was last modified by software version 11.8.0.26.
Opened an existing Libero design Handshake.adb.
'BA_NAME' set to 'Handshake_ba'
'IDE_DESIGNERVIEW_NAME' set to 'Impl1'
'IDE_DESIGNERVIEW_COUNT' set to '1'
'IDE_DESIGNERVIEW_REV0' set to 'Impl1'
'IDE_DESIGNERVIEW_REVNUM0' set to '1'
'IDE_DESIGNERVIEW_ROOTDIR' set to 'C:\Microsemi_Prj\hw9\p1b\designer'
'IDE_DESIGNERVIEW_LASTREV' set to '1'

 Netlist Reading Time = 1.0 seconds
Imported the files:
   C:\Microsemi_Prj\hw9\p1b\synthesis\Handshake.edn
   C:\Microsemi_Prj\hw9\p1b\synthesis\Handshake.sdc

The Import command succeeded ( 00:00:01 )
=====================================================================
Parameters used to run compile:
===============================

Family      : SmartFusion
Device      : A2F200M3F
Package     : 484 FBGA
Source      : C:\Microsemi_Prj\hw9\p1b\synthesis\Handshake.edn
              C:\Microsemi_Prj\hw9\p1b\synthesis\Handshake.sdc
Format      : EDIF
Topcell     : Handshake
Speed grade : STD
Temp        : 0:25:85
Voltage     : 1.58:1.50:1.42

Keep Existing Physical Constraints : No
Keep Existing Timing Constraints   : Yes

pdc_abort_on_error                 : Yes
pdc_eco_display_unmatched_objects  : No
pdc_eco_max_warnings               : 10000

demote_globals                     : No
promote_globals                    : No
localclock_max_shared_instances    : 12
localclock_buffer_tree_max_fanout  : 12

combine_register                   : No
delete_buffer_tree                 : No

report_high_fanout_nets_limit      : 10

=====================================================================
Compile starts ...


Netlist Optimization Report
===========================

Optimized macros:
  - Dangling net drivers:   0
  - Buffers:                0
  - Inverters:              0
  - Tieoff:                 0
  - Logic combining:        1

    Total macros optimized  1

There were 0 error(s) and 0 warning(s) in this design.
=====================================================================

Reading previous post-compile physical placement constraints.


There were 0 error(s) and 0 warning(s).

=====================================================================
Compile report:
===============

    Microcontroller Subsystem  Used:      0  Total:      1   (0.00%)
    Fabric                     Used:    109  Total:   4608   (2.37%)
    Fabric IO (W/ clocks)      Used:     42  Total:     94   (44.68%)
    Fabric Differential IO     Used:      0  Total:     47   (0.00%)
    Dedicated Analog IO        Used:      0  Total:     32   (0.00%)
    Dedicated MSS IO           Used:      0  Total:     43   (0.00%)
    GLOBAL (Chip+Quadrant)     Used:      2  Total:     15   (13.33%)
    MSS GLOBAL                 Used:      0  Total:      3   (0.00%)
    On-chip RC oscillator      Used:      0  Total:      1   (0.00%)
    Main Crystal oscillator    Used:      0  Total:      1   (0.00%)
    32 KHz Crystal oscillator  Used:      0  Total:      1   (0.00%)
    RAM/FIFO                   Used:      0  Total:      8   (0.00%)
    User JTAG                  Used:      0  Total:      1   (0.00%)

Global Information:

    Type            | Used   | Total
    ----------------|--------|--------------
    Chip global     | 2      | 3  (66.67%)*
    Quadrant global | 0      | 12 (0.00%)
    MSS global      | 0      | 3  (0.00%)

    (*) Chip globals may be assigned to Quadrant globals using the Multi-View Navigator (MVN)
        or Physical Design Constraints (PDC).
        They may also be assigned to Quadrant globals automatically during Layout.

Core Information:

    Type    | Instances    | Core tiles
    --------|--------------|-----------
    COMB    | 76           | 76
    SEQ     | 33           | 33

I/O Function:

    Type                                  | w/o register  | w/ register  | w/ DDR register
    --------------------------------------|---------------|--------------|----------------
    Input I/O                             | 4             | 0            | 0
    Output I/O                            | 38            | 0            | 0
    Bidirectional I/O                     | 0             | 0            | 0
    Differential Input I/O Pairs          | 0             | 0            | 0
    Differential Output I/O Pairs         | 0             | 0            | 0

I/O Technology:

                                    |   Voltages    |             I/Os
    --------------------------------|-------|-------|-------|--------|--------------
    I/O Standard(s)                 | Vcci  | Vref  | Input | Output | Bidirectional
    --------------------------------|-------|-------|-------|--------|--------------
    LVTTL                           | 3.30v | N/A   | 4     | 38     | 0

I/O Placement:

    Locked  :   0
    Placed  :  42 ( 100.00% )
    UnPlaced:   0

Net information report:
=======================

The following nets have been assigned to a chip global resource:
    Fanout  Type          Name
    --------------------------
    20      CLK_NET       Net   : aclk_c
                          Driver: aclk_pad
                          Source: NETLIST
    13      CLK_NET       Net   : bclk_c
                          Driver: bclk_pad
                          Source: NETLIST

High fanout nets in the post compile netlist:
    Fanout  Type          Name
    --------------------------
    22      INT_NET       Net   : arst_c
                          Driver: arst_pad
    13      INT_NET       Net   : brst_c
                          Driver: brst_pad
    8       INT_NET       Net   : bvalid_c_c
                          Driver: data_sink/fsm/state_1[1]
    8       INT_NET       Net   : data_generator/qe
                          Driver: data_generator/qlde
    8       INT_NET       Net   : data_sink/bload_data
                          Driver: data_sink/fsm/state_1_RNITSE8[1]
    8       INT_NET       Net   : data_source/aload_data
                          Driver: data_source/fsm/state_1_ns_i_a3_RNI9MC14[1]
    6       INT_NET       Net   : adatain_c[0]
                          Driver: data_generator/q[0]
    5       INT_NET       Net   : aready_c
                          Driver: data_source/fsm/state_1_ns_i_a3[1]
    5       INT_NET       Net   : adatain_c[1]
                          Driver: data_generator/q[1]
    5       INT_NET       Net   : adatain_c[2]
                          Driver: data_generator/q[2]

Nets that are candidates for clock assignment and the resulting fanout:
    Fanout  Type          Name
    --------------------------
    22      INT_NET       Net   : arst_c
                          Driver: arst_pad
    13      INT_NET       Net   : brst_c
                          Driver: brst_pad
    8       INT_NET       Net   : bvalid_c_c
                          Driver: data_sink/fsm/state_1[1]
    8       INT_NET       Net   : data_generator/qe
                          Driver: data_generator/qlde
    8       INT_NET       Net   : data_sink/bload_data
                          Driver: data_sink/fsm/state_1_RNITSE8[1]
    8       INT_NET       Net   : data_source/aload_data
                          Driver: data_source/fsm/state_1_ns_i_a3_RNI9MC14[1]
    6       INT_NET       Net   : adatain_c[0]
                          Driver: data_generator/q[0]
    5       INT_NET       Net   : aready_c
                          Driver: data_source/fsm/state_1_ns_i_a3[1]
    5       INT_NET       Net   : adatain_c[1]
                          Driver: data_generator/q[1]
    5       INT_NET       Net   : adatain_c[2]
                          Driver: data_generator/q[2]


SDC Import: Begin processing constraints...



SDC Import: End processing constraints


The Compile command succeeded ( 00:00:01 )
Wrote status report to file: Handshake_compile_report.txt

The Report command succeeded ( 00:00:00 )
Wrote pin report to file: Handshake_report_pin_byname.txt

The Report command succeeded ( 00:00:00 )
Wrote pin report to file: Handshake_report_pin_bynumber.txt

The Report command succeeded ( 00:00:01 )
Design saved to file C:\Microsemi_Prj\hw9\p1b\designer\impl1\Handshake.adb.

The Execute Script command succeeded ( 00:00:04 )
Design closed.

