Target Part: A2F200M3F_FBGA484_STD
Report for cell newCore.verilog
  Core Cell usage:
              cell count     area count*area
              AND2    12      1.0       12.0
              AND3     7      1.0        7.0
               GND     1      0.0        0.0
               INV     4      1.0        4.0
               VCC     1      0.0        0.0
              XOR2    12      1.0       12.0


            DFN1C1     3      1.0        3.0
          DFN1E1C1    13      1.0       13.0
                   -----          ----------
             TOTAL    53                51.0


  IO Cell usage:
              cell count
            CLKBUF     1
             INBUF     1
            OUTBUF    17
                   -----
             TOTAL    19


Core Cells         : 51 of 4608 (1%)
IO Cells           : 19

  RAM/ROM Usage Summary
Block Rams : 0 of 8 (0%)

