Microsemi Libero Software
Version: 11.8.0.26
Release: v11.8

Info: The design Skewed.adb was last modified by software version 11.8.0.26.
Opened an existing Libero design Skewed.adb.
'BA_NAME' set to 'Skewed_ba'
'IDE_DESIGNERVIEW_NAME' set to 'Impl1'
'IDE_DESIGNERVIEW_COUNT' set to '1'
'IDE_DESIGNERVIEW_REV0' set to 'Impl1'
'IDE_DESIGNERVIEW_REVNUM0' set to '1'
'IDE_DESIGNERVIEW_ROOTDIR' set to 'C:\Microsemi_Prj\hw7\p3\Skewed\designer'
'IDE_DESIGNERVIEW_LASTREV' set to '1'
Wrote timing report to file: Skewed_maxdelay_timing_report.txt

The Report command succeeded ( 00:00:02 )
Wrote timing report to file: Skewed_mindelay_timing_report.txt

The Report command succeeded ( 00:00:00 )
Wrote timing_violations report to file: Skewed_maxdelay_timingviolations_report.txt

The Report command succeeded ( 00:00:00 )
Wrote timing_violations report to file: Skewed_mindelay_timingviolations_report.txt

The Report command succeeded ( 00:00:00 )
Design saved to file C:\Microsemi_Prj\hw7\p3\Skewed\designer\impl1\Skewed.adb.

The Execute Script command succeeded ( 00:00:02 )
Design closed.

