Target Part: A2F200M3F_FBGA484_STD
Report for cell sync_write.sync_write_arch
  Core Cell usage:
              cell count     area count*area
               GND     1      0.0        0.0
             NOR2A     2      1.0        2.0
               VCC     1      0.0        0.0


              DFN1     2      1.0        2.0
            DFN1E0     1      1.0        1.0
                   -----          ----------
             TOTAL     7                 5.0


  IO Cell usage:
              cell count
            CLKBUF     1
             INBUF     2
            OUTBUF     1
                   -----
             TOTAL     4


Core Cells         : 5 of 4608 (0%)
IO Cells           : 4

  RAM/ROM Usage Summary
Block Rams : 0 of 8 (0%)

