Target Part: A2F200M3F_FBGA484_STD
Report for cell Handshake.verilog
  Core Cell usage:
              cell count     area count*area
               AX1     1      1.0        1.0
               GND     8      0.0        0.0
               INV     1      1.0        1.0
               MX2    16      1.0       16.0
              NOR2     3      1.0        3.0
             NOR2A    23      1.0       23.0
             NOR2B     8      1.0        8.0
              NOR3     1      1.0        1.0
             NOR3A     3      1.0        3.0
              OA1B     1      1.0        1.0
               OR2     4      1.0        4.0
               OR3     2      1.0        2.0
               VCC     8      0.0        0.0
              XA1B     6      1.0        6.0
               XO1     2      1.0        2.0
              XOR2     6      1.0        6.0


              DFN1    25      1.0       25.0
            DFN1E1     8      1.0        8.0
                   -----          ----------
             TOTAL   126               110.0


  IO Cell usage:
              cell count
            CLKBUF     2
             INBUF     2
            OUTBUF    38
                   -----
             TOTAL    42


Core Cells         : 110 of 4608 (2%)
IO Cells           : 42

  RAM/ROM Usage Summary
Block Rams : 0 of 8 (0%)

