
Starting:    C:\Microsemi\Libero_SoC_v11.8\SynplifyPro\bin64\mbin\synbatch.exe
Install:     C:\Microsemi\Libero_SoC_v11.8\SynplifyPro
Hostname:    MSI
Date:        Thu Nov 07 21:39:05 2019
Version:     L-2016.09M-2

Arguments:   -product synplify_pro -licensetype synplifypro_actel -batch -log synplify.log Counter_Top_syn.tcl
ProductType: synplify_pro

License checkout: synplifypro_actel
License: synplifypro_actel node-locked 
Licensed Vendor: actel
License Option: actel_oem

Running in Vendor Mode


auto_infer_blackbox is not supported in current product.

log file: "C:\Microsemi_Prj\hw7_practical\Counter\synthesis\Counter_Top.srr"

Running: synthesis in foreground



Running Counter_Top_syn|synthesis


Running: compile (Compile) on Counter_Top_syn|synthesis
# Thu Nov 07 21:39:05 2019


Running: compile_flow (Compile Process) on Counter_Top_syn|synthesis
# Thu Nov 07 21:39:05 2019


Running: compiler (Compile Input) on Counter_Top_syn|synthesis
# Thu Nov 07 21:39:05 2019

Copied C:\Microsemi_Prj\hw7_practical\Counter\synthesis\synwork\Counter_Top_comp.srs to C:\Microsemi_Prj\hw7_practical\Counter\synthesis\Counter_Top.srs


compiler completed
# Thu Nov 07 21:39:06 2019

Return Code: 0
Run Time:00h:00m:01s


Running: multi_srs_gen (Multi-srs Generator) on Counter_Top_syn|synthesis
# Thu Nov 07 21:39:06 2019


multi_srs_gen completed
# Thu Nov 07 21:39:06 2019

Return Code: 0
Run Time:00h:00m:00s

Copied C:\Microsemi_Prj\hw7_practical\Counter\synthesis\synwork\Counter_Top_mult.srs to C:\Microsemi_Prj\hw7_practical\Counter\synthesis\Counter_Top.srs

Complete: Compile Process on Counter_Top_syn|synthesis


Running: premap (Pre-mapping) on Counter_Top_syn|synthesis
# Thu Nov 07 21:39:06 2019


premap completed with warnings
# Thu Nov 07 21:39:07 2019

Return Code: 1
Run Time:00h:00m:01s

Complete: Compile on Counter_Top_syn|synthesis


Running: map (Map) on Counter_Top_syn|synthesis
# Thu Nov 07 21:39:07 2019

License granted for 4 parallel jobs


Running: fpga_mapper (Map & Optimize) on Counter_Top_syn|synthesis
# Thu Nov 07 21:39:07 2019

Copied C:\Microsemi_Prj\hw7_practical\Counter\synthesis\synwork\Counter_Top_m.srm to C:\Microsemi_Prj\hw7_practical\Counter\synthesis\Counter_Top.srm


fpga_mapper completed with warnings
# Thu Nov 07 21:39:28 2019

Return Code: 1
Run Time:00h:00m:21s

Complete: Map on Counter_Top_syn|synthesis

Complete: Logic Synthesis on Counter_Top_syn|synthesis

TCL script complete: "Counter_Top_syn.tcl"

exit status=0

exit status=0

License checkin: synplifypro_actel

