
Starting:    C:\Microsemi\Libero_SoC_v11.8\SynplifyPro\bin64\mbin\synbatch.exe
Install:     C:\Microsemi\Libero_SoC_v11.8\SynplifyPro
Hostname:    MSI
Date:        Mon Nov 04 22:46:29 2019
Version:     L-2016.09M-2

Arguments:   -product synplify_pro -licensetype synplifypro_actel -batch -log synplify.log Skewed_syn.tcl
ProductType: synplify_pro

License checkout: synplifypro_actel
License: synplifypro_actel node-locked 
Licensed Vendor: actel
License Option: actel_oem

Running in Vendor Mode


auto_infer_blackbox is not supported in current product.

log file: "C:\Microsemi_Prj\hw7\p3\Skewed\synthesis\Skewed.srr"

Running: synthesis in foreground



Running Skewed_syn|synthesis


Running: compile (Compile) on Skewed_syn|synthesis
# Mon Nov 04 22:46:29 2019


Running: compile_flow (Compile Process) on Skewed_syn|synthesis
# Mon Nov 04 22:46:29 2019


Running: compiler (Compile Input) on Skewed_syn|synthesis
# Mon Nov 04 22:46:29 2019

Copied C:\Microsemi_Prj\hw7\p3\Skewed\synthesis\synwork\Skewed_comp.srs to C:\Microsemi_Prj\hw7\p3\Skewed\synthesis\Skewed.srs


compiler completed
# Mon Nov 04 22:46:31 2019

Return Code: 0
Run Time:00h:00m:02s


Running: multi_srs_gen (Multi-srs Generator) on Skewed_syn|synthesis
# Mon Nov 04 22:46:31 2019


multi_srs_gen completed
# Mon Nov 04 22:46:31 2019

Return Code: 0
Run Time:00h:00m:00s

Copied C:\Microsemi_Prj\hw7\p3\Skewed\synthesis\synwork\Skewed_mult.srs to C:\Microsemi_Prj\hw7\p3\Skewed\synthesis\Skewed.srs

Complete: Compile Process on Skewed_syn|synthesis


Running: premap (Pre-mapping) on Skewed_syn|synthesis
# Mon Nov 04 22:46:31 2019


premap completed with warnings
# Mon Nov 04 22:46:31 2019

Return Code: 1
Run Time:00h:00m:00s

Complete: Compile on Skewed_syn|synthesis


Running: map (Map) on Skewed_syn|synthesis
# Mon Nov 04 22:46:31 2019

License granted for 4 parallel jobs


Running: fpga_mapper (Map & Optimize) on Skewed_syn|synthesis
# Mon Nov 04 22:46:31 2019

Copied C:\Microsemi_Prj\hw7\p3\Skewed\synthesis\synwork\Skewed_m.srm to C:\Microsemi_Prj\hw7\p3\Skewed\synthesis\Skewed.srm


fpga_mapper completed with warnings
# Mon Nov 04 22:46:32 2019

Return Code: 1
Run Time:00h:00m:01s

Complete: Map on Skewed_syn|synthesis

Complete: Logic Synthesis on Skewed_syn|synthesis

TCL script complete: "Skewed_syn.tcl"

exit status=0

exit status=0

License checkin: synplifypro_actel

