
Starting:    C:\Microsemi\Libero_SoC_v11.8\SynplifyPro\bin64\mbin\synbatch.exe
Install:     C:\Microsemi\Libero_SoC_v11.8\SynplifyPro
Hostname:    MSI
Date:        Wed Nov 20 21:23:33 2019
Version:     L-2016.09M-2

Arguments:   -product synplify_pro -licensetype synplifypro_actel -batch -log synplify.log SlowFast_syn.tcl
ProductType: synplify_pro

License checkout: synplifypro_actel
License: synplifypro_actel node-locked 
Licensed Vendor: actel
License Option: actel_oem

Running in Vendor Mode


auto_infer_blackbox is not supported in current product.

log file: "C:\Microsemi_Prj\hw8\p2a\synthesis\SlowFast.srr"

Running: synthesis in foreground



Running SlowFast_syn|synthesis


Running: compile (Compile) on SlowFast_syn|synthesis
# Wed Nov 20 21:23:33 2019


Running: compile_flow (Compile Process) on SlowFast_syn|synthesis
# Wed Nov 20 21:23:33 2019


Running: compiler (Compile Input) on SlowFast_syn|synthesis
# Wed Nov 20 21:23:33 2019

Copied C:\Microsemi_Prj\hw8\p2a\synthesis\synwork\SlowFast_comp.srs to C:\Microsemi_Prj\hw8\p2a\synthesis\SlowFast.srs


compiler completed
# Wed Nov 20 21:23:34 2019

Return Code: 0
Run Time:00h:00m:01s


Running: multi_srs_gen (Multi-srs Generator) on SlowFast_syn|synthesis
# Wed Nov 20 21:23:34 2019


multi_srs_gen completed
# Wed Nov 20 21:23:35 2019

Return Code: 0
Run Time:00h:00m:01s

Copied C:\Microsemi_Prj\hw8\p2a\synthesis\synwork\SlowFast_mult.srs to C:\Microsemi_Prj\hw8\p2a\synthesis\SlowFast.srs

Complete: Compile Process on SlowFast_syn|synthesis


Running: premap (Pre-mapping) on SlowFast_syn|synthesis
# Wed Nov 20 21:23:35 2019


premap completed with warnings
# Wed Nov 20 21:23:35 2019

Return Code: 1
Run Time:00h:00m:00s

Complete: Compile on SlowFast_syn|synthesis


Running: map (Map) on SlowFast_syn|synthesis
# Wed Nov 20 21:23:35 2019

License granted for 4 parallel jobs


Running: fpga_mapper (Map & Optimize) on SlowFast_syn|synthesis
# Wed Nov 20 21:23:35 2019

Copied C:\Microsemi_Prj\hw8\p2a\synthesis\synwork\SlowFast_m.srm to C:\Microsemi_Prj\hw8\p2a\synthesis\SlowFast.srm


fpga_mapper completed with warnings
# Wed Nov 20 21:23:35 2019

Return Code: 1
Run Time:00h:00m:00s

Complete: Map on SlowFast_syn|synthesis

Complete: Logic Synthesis on SlowFast_syn|synthesis

TCL script complete: "SlowFast_syn.tcl"

exit status=0

exit status=0

License checkin: synplifypro_actel

