Target Part: A2F200M3F_FBGA484_STD
Report for cell SlowFast.verilog
  Core Cell usage:
              cell count     area count*area
               GND     3      0.0        0.0
               MX2     4      1.0        4.0
              NOR2     1      1.0        1.0
             NOR2A     7      1.0        7.0
               VCC     3      0.0        0.0


              DFN1    12      1.0       12.0
                   -----          ----------
             TOTAL    30                24.0


  IO Cell usage:
              cell count
            CLKBUF     2
             INBUF     1
            OUTBUF     4
                   -----
             TOTAL     7


Core Cells         : 24 of 4608 (1%)
IO Cells           : 7

  RAM/ROM Usage Summary
Block Rams : 0 of 8 (0%)

