# Reading C:/Microsemi/Libero_SoC_v11.8/Modelsim/tcl/vsim/pref.tcl
# do run.do
# INFO: Simulation library postsynth already exists
# Model Technology ModelSim Microsemi vmap 10.5c Lib Mapping Utility 2016.07 Jul 21 2016
# vmap postsynth postsynth 
# Modifying modelsim.ini
# Model Technology ModelSim Microsemi vmap 10.5c Lib Mapping Utility 2016.07 Jul 21 2016
# vmap smartfusion C:/Microsemi/Libero_SoC_v11.8/Designer/lib/modelsim/precompiled/vlog/smartfusion 
# Modifying modelsim.ini
# Model Technology ModelSim Microsemi vlog 10.5c Compiler 2016.07 Jul 21 2016
# Start time: 09:44:36 on Dec 02,2019
# vlog -reportprogress 300 -vlog01compat -work postsynth C:/Microsemi_Prj/hw9/p1a/synthesis/Handshake.v 
# -- Compiling module counter
# -- Compiling module synchronizer_0
# -- Compiling module receiver_fsm
# -- Compiling module receiver
# -- Compiling module sender_fsm
# -- Compiling module sender
# -- Compiling module synchronizer_1
# -- Compiling module Handshake
# 
# Top level modules:
# 	Handshake
# End time: 09:44:36 on Dec 02,2019, Elapsed time: 0:00:00
# Errors: 0, Warnings: 0
# Model Technology ModelSim Microsemi vlog 10.5c Compiler 2016.07 Jul 21 2016
# Start time: 09:44:36 on Dec 02,2019
# vlog -reportprogress 300 "+incdir+C:/Microsemi_Prj/hw9/p1a/stimulus" -vlog01compat -work postsynth C:/Microsemi_Prj/hw9/p1a/stimulus/Handshake_tb.v 
# -- Compiling module Handshake_tb
# 
# Top level modules:
# 	Handshake_tb
# End time: 09:44:36 on Dec 02,2019, Elapsed time: 0:00:00
# Errors: 0, Warnings: 0
# vsim -L smartfusion -L postsynth -t 1ps postsynth.Handshake_tb 
# Start time: 09:44:36 on Dec 02,2019
# //  ModelSim Microsemi 10.5c Jul 21 2016
# //
# //  Copyright 1991-2016 Mentor Graphics Corporation
# //  All Rights Reserved.
# //
# //  ModelSim Microsemi and its associated documentation contain trade
# //  secrets and commercial or financial information that are the property of
# //  Mentor Graphics Corporation and are privileged, confidential,
# //  and exempt from disclosure under the Freedom of Information Act,
# //  5 U.S.C. Section 552. Furthermore, this information
# //  is prohibited from disclosure under the Trade Secrets Act,
# //  18 U.S.C. Section 1905.
# //
# Loading postsynth.Handshake_tb
# Loading postsynth.Handshake
# Loading smartfusion.OUTBUF
# Loading smartfusion.CLKBUF
# Loading smartfusion.VCC
# Loading postsynth.counter
# Loading smartfusion.DFN1E1
# Loading smartfusion.NOR2B
# Loading smartfusion.XA1B
# Loading smartfusion.OR3
# Loading smartfusion.OR2
# Loading smartfusion.NOR2A
# Loading smartfusion.GND
# Loading smartfusion.AX1
# Loading smartfusion.NOR2
# Loading smartfusion.XOR2
# Loading postsynth.synchronizer_0
# Loading smartfusion.DFN1
# Loading postsynth.receiver
# Loading smartfusion.MX2
# Loading postsynth.receiver_fsm
# Loading smartfusion.NOR3A
# Loading smartfusion.OA1B
# Loading smartfusion.INBUF
# Loading postsynth.sender
# Loading postsynth.sender_fsm
# Loading smartfusion.NOR3
# Loading smartfusion.INV
# Loading smartfusion.XO1
# Loading postsynth.synchronizer_1
# Loading smartfusion.Dffpr
# Loading smartfusion.UDP_MUX2
run 1000ns
run 1000ns
run 1000ns
# End time: 09:44:56 on Dec 02,2019, Elapsed time: 0:00:20
# Errors: 0, Warnings: 0
