# Reading C:/Microsemi/Libero_SoC_v11.8/Modelsim/tcl/vsim/pref.tcl
# do run.do
# INFO: Simulation library ../designer/impl1/simulation/postlayout already exists
# Model Technology ModelSim Microsemi vmap 10.5c Lib Mapping Utility 2016.07 Jul 21 2016
# vmap postlayout ../designer/impl1/simulation/postlayout 
# Modifying modelsim.ini
# Model Technology ModelSim Microsemi vmap 10.5c Lib Mapping Utility 2016.07 Jul 21 2016
# vmap smartfusion C:/Microsemi/Libero_SoC_v11.8/Designer/lib/modelsim/precompiled/vlog/smartfusion 
# Modifying modelsim.ini
# Model Technology ModelSim Microsemi vlog 10.5c Compiler 2016.07 Jul 21 2016
# Start time: 18:50:08 on Dec 02,2019
# vlog -reportprogress 300 -vlog01compat -work postlayout C:/Microsemi_Prj/hw9/p1a/designer/impl1/Handshake_ba.v 
# -- Compiling module Handshake
# 
# Top level modules:
# 	Handshake
# End time: 18:50:08 on Dec 02,2019, Elapsed time: 0:00:00
# Errors: 0, Warnings: 0
# Model Technology ModelSim Microsemi vlog 10.5c Compiler 2016.07 Jul 21 2016
# Start time: 18:50:08 on Dec 02,2019
# vlog -reportprogress 300 "+incdir+C:/Microsemi_Prj/hw9/p1a/stimulus" -vlog01compat -work postlayout C:/Microsemi_Prj/hw9/p1a/stimulus/Handshake_tb.v 
# -- Compiling module Handshake_tb
# 
# Top level modules:
# 	Handshake_tb
# End time: 18:50:09 on Dec 02,2019, Elapsed time: 0:00:01
# Errors: 0, Warnings: 0
# vsim -L smartfusion -L postlayout -t 1ps -sdfmax /Handshake_0=C:/Microsemi_Prj/hw9/p1a/designer/impl1/Handshake_ba.sdf postlayout.Handshake_tb 
# Start time: 18:50:09 on Dec 02,2019
# //  ModelSim Microsemi 10.5c Jul 21 2016
# //
# //  Copyright 1991-2016 Mentor Graphics Corporation
# //  All Rights Reserved.
# //
# //  ModelSim Microsemi and its associated documentation contain trade
# //  secrets and commercial or financial information that are the property of
# //  Mentor Graphics Corporation and are privileged, confidential,
# //  and exempt from disclosure under the Freedom of Information Act,
# //  5 U.S.C. Section 552. Furthermore, this information
# //  is prohibited from disclosure under the Trade Secrets Act,
# //  18 U.S.C. Section 1905.
# //
# Loading postlayout.Handshake_tb
# Loading postlayout.Handshake
# Loading smartfusion.AND3
# Loading smartfusion.CLKSRC
# Loading smartfusion.IOTRI_OB_EB
# Loading smartfusion.NAND3C
# Loading smartfusion.DFN1
# Loading smartfusion.AND2
# Loading smartfusion.AND2B
# Loading smartfusion.MX2
# Loading smartfusion.IOPAD_TRI
# Loading smartfusion.AND2A
# Loading smartfusion.DFN1E1
# Loading smartfusion.AOI1C
# Loading smartfusion.IOPAD_IN
# Loading smartfusion.NAND2B
# Loading smartfusion.INV
# Loading smartfusion.XO1
# Loading smartfusion.AO1D
# Loading smartfusion.AND3B
# Loading smartfusion.XOR2
# Loading smartfusion.XA1B
# Loading smartfusion.AOI1B
# Loading smartfusion.IOIN_IB
# Loading smartfusion.AND3A
# Loading smartfusion.AX1
# Loading smartfusion.AOI1D
# Loading smartfusion.GND
# Loading smartfusion.VCC
# SDF 10.5c Compiler 2016.07 Jul 21 2016
# 
# Loading instances from C:/Microsemi_Prj/hw9/p1a/designer/impl1/Handshake_ba.sdf
# Loading smartfusion.Dffpr
# Loading smartfusion.UDP_MUX2
# Loading timing data from C:/Microsemi_Prj/hw9/p1a/designer/impl1/Handshake_ba.sdf
# ** Note: (vsim-3587) SDF Backannotation Successfully Completed.
#    Time: 0 ps  Iteration: 0  Instance: /Handshake_tb File: C:/Microsemi_Prj/hw9/p1a/stimulus/Handshake_tb.v
run 1000ns
run 1000ns
run 1000ns
# End time: 19:15:31 on Dec 02,2019, Elapsed time: 0:25:22
# Errors: 0, Warnings: 0
