
Starting:    C:\Microsemi\Libero_SoC_v11.8\SynplifyPro\bin64\mbin\synbatch.exe
Install:     C:\Microsemi\Libero_SoC_v11.8\SynplifyPro
Hostname:    MSI
Date:        Tue Nov 19 22:50:59 2019
Version:     L-2016.09M-2

Arguments:   -product synplify_pro -licensetype synplifypro_actel -batch -log synplify.log CD3FF_syn.tcl
ProductType: synplify_pro

License checkout: synplifypro_actel
License: synplifypro_actel node-locked 
Licensed Vendor: actel
License Option: actel_oem

Running in Vendor Mode


auto_infer_blackbox is not supported in current product.

log file: "C:\Microsemi_Prj\hw8\q1b\synthesis\CD3FF.srr"

Running: synthesis in foreground



Running CD3FF_syn|synthesis


Running: compile (Compile) on CD3FF_syn|synthesis
# Tue Nov 19 22:50:59 2019


Running: compile_flow (Compile Process) on CD3FF_syn|synthesis
# Tue Nov 19 22:50:59 2019


Running: compiler (Compile Input) on CD3FF_syn|synthesis
# Tue Nov 19 22:50:59 2019

Copied C:\Microsemi_Prj\hw8\q1b\synthesis\synwork\CD3FF_comp.srs to C:\Microsemi_Prj\hw8\q1b\synthesis\CD3FF.srs


compiler completed
# Tue Nov 19 22:51:00 2019

Return Code: 0
Run Time:00h:00m:01s


Running: multi_srs_gen (Multi-srs Generator) on CD3FF_syn|synthesis
# Tue Nov 19 22:51:00 2019


multi_srs_gen completed
# Tue Nov 19 22:51:01 2019

Return Code: 0
Run Time:00h:00m:01s

Copied C:\Microsemi_Prj\hw8\q1b\synthesis\synwork\CD3FF_mult.srs to C:\Microsemi_Prj\hw8\q1b\synthesis\CD3FF.srs

Complete: Compile Process on CD3FF_syn|synthesis


Running: premap (Pre-mapping) on CD3FF_syn|synthesis
# Tue Nov 19 22:51:01 2019


premap completed with warnings
# Tue Nov 19 22:51:01 2019

Return Code: 1
Run Time:00h:00m:00s

Complete: Compile on CD3FF_syn|synthesis


Running: map (Map) on CD3FF_syn|synthesis
# Tue Nov 19 22:51:01 2019

License granted for 4 parallel jobs


Running: fpga_mapper (Map & Optimize) on CD3FF_syn|synthesis
# Tue Nov 19 22:51:01 2019

Copied C:\Microsemi_Prj\hw8\q1b\synthesis\synwork\CD3FF_m.srm to C:\Microsemi_Prj\hw8\q1b\synthesis\CD3FF.srm


fpga_mapper completed with warnings
# Tue Nov 19 22:51:01 2019

Return Code: 1
Run Time:00h:00m:00s

Complete: Map on CD3FF_syn|synthesis

Complete: Logic Synthesis on CD3FF_syn|synthesis

TCL script complete: "CD3FF_syn.tcl"

exit status=0

exit status=0

License checkin: synplifypro_actel

