Target Part: A2F200M3F_FBGA484_STD
Report for cell Counter.counter_arch
  Core Cell usage:
              cell count     area count*area
               AO1     1      1.0        1.0
             AOI1B     1      1.0        1.0
               GND     1      0.0        0.0
               MX2     4      1.0        4.0
             NOR2A     2      1.0        2.0
             NOR2B    11      1.0       11.0
             NOR3A     1      1.0        1.0
             NOR3B     9      1.0        9.0
             NOR3C     9      1.0        9.0
              OA1C     1      1.0        1.0
               OR2     1      1.0        1.0
              OR2A     3      1.0        3.0
              OR2B     3      1.0        3.0
              OR3C     1      1.0        1.0
               VCC     1      0.0        0.0
               XA1     5      1.0        5.0
              XA1A     3      1.0        3.0


            DFN1E1    16      1.0       16.0
                   -----          ----------
             TOTAL    73                71.0


  IO Cell usage:
              cell count
            CLKBUF     1
             INBUF     2
            OUTBUF    17
                   -----
             TOTAL    20


Core Cells         : 71 of 4608 (2%)
IO Cells           : 20

  RAM/ROM Usage Summary
Block Rams : 0 of 8 (0%)

