Target Part: A2F200M3F_FBGA484_STD
Report for cell Counter_Top.gen
  Core Cell usage:
              cell count     area count*area
              AND2    26      1.0       26.0
              AO1B    44      1.0       44.0
              AO1C     2      1.0        2.0
              AOI1    43      1.0       43.0
             AOI1B     6      1.0        6.0
            CLKINT     1      0.0        0.0
               GND    76      0.0        0.0
               MX2    87      1.0       87.0
              MX2A     1      1.0        1.0
              MX2B     2      1.0        2.0
              NOR2     3      1.0        3.0
             NOR2A   135      1.0      135.0
             NOR2B   385      1.0      385.0
              NOR3     4      1.0        4.0
             NOR3A     8      1.0        8.0
             NOR3B   365      1.0      365.0
             NOR3C   297      1.0      297.0
               OA1     3      1.0        3.0
              OA1A     7      1.0        7.0
              OA1B     1      1.0        1.0
              OA1C   141      1.0      141.0
              OAI1     1      1.0        1.0
               OR2    85      1.0       85.0
              OR2A   549      1.0      549.0
              OR2B   141      1.0      141.0
              OR3A     1      1.0        1.0
              OR3B    94      1.0       94.0
              OR3C    58      1.0       58.0
               VCC    76      0.0        0.0
               XA1   121      1.0      121.0
              XA1A   710      1.0      710.0


              DFN1    16      1.0       16.0
            DFN1E0    16      1.0       16.0
            DFN1E1  1168      1.0     1168.0
                   -----          ----------
             TOTAL  4673              4520.0


  IO Cell usage:
              cell count
            CLKBUF     1
             INBUF     1
            OUTBUF    17
                   -----
             TOTAL    19


Core Cells         : 4520 of 4608 (98%)
IO Cells           : 19

  RAM/ROM Usage Summary
Block Rams : 0 of 8 (0%)

