Microsemi Libero Software
Version: 11.8.0.26
Release: v11.8

Info: The design C:\Microsemi_Prj\hw8\p2a\designer\impl1\SlowFast.adb was last modified by
      software version 11.8.0.26.
Opened an existing Libero design C:\Microsemi_Prj\hw8\p2a\designer\impl1\SlowFast.adb.
'BA_NAME' set to 'SlowFast_ba'
'KEEP_EXISTING_PHYSICAL_CONSTRAINTS' set to '0'
'SDC_IMPORT_MERGE' set to '0'
'IDE_DESIGNERVIEW_NAME' set to 'Impl1'
'IDE_DESIGNERVIEW_COUNT' set to '1'
'IDE_DESIGNERVIEW_REV0' set to 'Impl1'
'IDE_DESIGNERVIEW_REVNUM0' set to '1'
'IDE_DESIGNERVIEW_ROOTDIR' set to 'C:\Microsemi_Prj\hw8\p2a\designer'
'IDE_DESIGNERVIEW_LASTREV' set to '1'

The Execute Script command succeeded ( 00:00:00 )
Checking for software updates...
Design saved to file C:\Microsemi_Prj\hw8\p2a\designer\impl1\SlowFast.adb.
Wrote pin report to file: C:\Microsemi_Prj\hw8\p2a\designer\impl1\SlowFast_report_pin_byname.txt

The Report command succeeded ( 00:00:01 )
Wrote pin report to file:
C:\Microsemi_Prj\hw8\p2a\designer\impl1\SlowFast_report_pin_bynumber.txt

The Report command succeeded ( 00:00:01 )

The Execute Script command succeeded ( 00:00:02 )
Design closed.

