
Starting:    C:\Microsemi\Libero_SoC_v11.8\SynplifyPro\bin64\mbin\synbatch.exe
Install:     C:\Microsemi\Libero_SoC_v11.8\SynplifyPro
Hostname:    MSI
Date:        Sun Nov 03 16:26:20 2019
Version:     L-2016.09M-2

Arguments:   -product synplify_pro -licensetype synplifypro_actel -batch -log synplify.log top_level_counter_syn.tcl
ProductType: synplify_pro

License checkout: synplifypro_actel
License: synplifypro_actel node-locked 
Licensed Vendor: actel
License Option: actel_oem

Running in Vendor Mode


auto_infer_blackbox is not supported in current product.

log file: "C:\Microsemi_Prj\hw7\SkewedProblemCounter\synthesis\top_level_counter.srr"

Running: synthesis in foreground



Running top_level_counter_syn|synthesis


Running: compile (Compile) on top_level_counter_syn|synthesis
# Sun Nov 03 16:26:20 2019


Running: compile_flow (Compile Process) on top_level_counter_syn|synthesis
# Sun Nov 03 16:26:20 2019


Running: compiler (Compile Input) on top_level_counter_syn|synthesis
# Sun Nov 03 16:26:20 2019

Copied C:\Microsemi_Prj\hw7\SkewedProblemCounter\synthesis\synwork\top_level_counter_comp.srs to C:\Microsemi_Prj\hw7\SkewedProblemCounter\synthesis\top_level_counter.srs


compiler completed
# Sun Nov 03 16:26:22 2019

Return Code: 0
Run Time:00h:00m:02s


Running: multi_srs_gen (Multi-srs Generator) on top_level_counter_syn|synthesis
# Sun Nov 03 16:26:22 2019


multi_srs_gen completed
# Sun Nov 03 16:26:22 2019

Return Code: 0
Run Time:00h:00m:00s

Copied C:\Microsemi_Prj\hw7\SkewedProblemCounter\synthesis\synwork\top_level_counter_mult.srs to C:\Microsemi_Prj\hw7\SkewedProblemCounter\synthesis\top_level_counter.srs

Complete: Compile Process on top_level_counter_syn|synthesis


Running: premap (Pre-mapping) on top_level_counter_syn|synthesis
# Sun Nov 03 16:26:22 2019


premap completed with warnings
# Sun Nov 03 16:26:22 2019

Return Code: 1
Run Time:00h:00m:00s

Complete: Compile on top_level_counter_syn|synthesis


Running: map (Map) on top_level_counter_syn|synthesis
# Sun Nov 03 16:26:22 2019

License granted for 4 parallel jobs


Running: fpga_mapper (Map & Optimize) on top_level_counter_syn|synthesis
# Sun Nov 03 16:26:22 2019

Copied C:\Microsemi_Prj\hw7\SkewedProblemCounter\synthesis\synwork\top_level_counter_m.srm to C:\Microsemi_Prj\hw7\SkewedProblemCounter\synthesis\top_level_counter.srm


fpga_mapper completed with warnings
# Sun Nov 03 16:26:23 2019

Return Code: 1
Run Time:00h:00m:01s

Complete: Map on top_level_counter_syn|synthesis

Complete: Logic Synthesis on top_level_counter_syn|synthesis

TCL script complete: "top_level_counter_syn.tcl"

exit status=0

exit status=0

License checkin: synplifypro_actel

