# Reading C:/Microsemi/Libero_SoC_v11.8/Modelsim/tcl/vsim/pref.tcl
# do run.do
# INFO: Simulation library ../designer/impl1/simulation/postlayout already exists
# Model Technology ModelSim Microsemi vmap 10.5c Lib Mapping Utility 2016.07 Jul 21 2016
# vmap postlayout ../designer/impl1/simulation/postlayout 
# Modifying modelsim.ini
# Model Technology ModelSim Microsemi vmap 10.5c Lib Mapping Utility 2016.07 Jul 21 2016
# vmap smartfusion C:/Microsemi/Libero_SoC_v11.8/Designer/lib/modelsim/precompiled/vlog/smartfusion 
# Modifying modelsim.ini
# Model Technology ModelSim Microsemi vlog 10.5c Compiler 2016.07 Jul 21 2016
# Start time: 22:13:14 on Nov 02,2019
# vlog -reportprogress 300 -vlog01compat -work postlayout C:/Microsemi_Prj/hw7/SkewedProblemCounter/designer/impl1/myCounter_ba.v 
# -- Compiling module myCounter
# 
# Top level modules:
# 	myCounter
# End time: 22:13:14 on Nov 02,2019, Elapsed time: 0:00:00
# Errors: 0, Warnings: 0
# Model Technology ModelSim Microsemi vlog 10.5c Compiler 2016.07 Jul 21 2016
# Start time: 22:13:14 on Nov 02,2019
# vlog -reportprogress 300 "+incdir+C:/Microsemi_Prj/hw7/SkewedProblemCounter/stimulus" -vlog01compat -work postlayout C:/Microsemi_Prj/hw7/SkewedProblemCounter/stimulus/myCounter_tb.v 
# -- Compiling module myCounter_tb
# 
# Top level modules:
# 	myCounter_tb
# End time: 22:13:14 on Nov 02,2019, Elapsed time: 0:00:00
# Errors: 0, Warnings: 0
# vsim -L smartfusion -L postlayout -t 1ps -sdfmax /myCounter_0=C:/Microsemi_Prj/hw7/SkewedProblemCounter/designer/impl1/myCounter_ba.sdf postlayout.myCounter_tb 
# Start time: 22:13:14 on Nov 02,2019
# //  ModelSim Microsemi 10.5c Jul 21 2016
# //
# //  Copyright 1991-2016 Mentor Graphics Corporation
# //  All Rights Reserved.
# //
# //  ModelSim Microsemi and its associated documentation contain trade
# //  secrets and commercial or financial information that are the property of
# //  Mentor Graphics Corporation and are privileged, confidential,
# //  and exempt from disclosure under the Freedom of Information Act,
# //  5 U.S.C. Section 552. Furthermore, this information
# //  is prohibited from disclosure under the Trade Secrets Act,
# //  18 U.S.C. Section 1905.
# //
# Loading postlayout.myCounter_tb
# ** Error: (vsim-3033) C:/Microsemi_Prj/hw7/SkewedProblemCounter/stimulus/myCounter_tb.v(65): Instantiation of 'skewedClock' failed. The design unit was not found.
#    Time: 0 ps  Iteration: 0  Instance: /myCounter_tb File: C:/Microsemi_Prj/hw7/SkewedProblemCounter/stimulus/myCounter_tb.v
#         Searched libraries:
#             C:/Microsemi/Libero_SoC_v11.8/Designer/lib/modelsim/precompiled/vlog/smartfusion
#             C:/Microsemi_Prj/hw7/SkewedProblemCounter/designer/impl1/simulation/postlayout
# Loading postlayout.myCounter
# Loading smartfusion.XA1B
# Loading smartfusion.NOR2B
# Loading smartfusion.IOTRI_OB_EB
# Loading smartfusion.DFN1
# Loading smartfusion.IOPAD_TRI
# Loading smartfusion.NOR2
# Loading smartfusion.NOR2A
# Loading smartfusion.NOR3C
# Loading smartfusion.AX1C
# Loading smartfusion.CLKSRC
# Loading smartfusion.IOIN_IB
# Loading smartfusion.IOPAD_IN
# Loading smartfusion.GND
# Loading smartfusion.VCC
# Error loading design
# Error: Error loading design
#        Pausing macro execution
# MACRO ./run.do PAUSED at line 16
do run.do
# INFO: Simulation library ../designer/impl1/simulation/postlayout already exists
# Model Technology ModelSim Microsemi vmap 10.5c Lib Mapping Utility 2016.07 Jul 21 2016
# vmap postlayout ../designer/impl1/simulation/postlayout 
# Modifying modelsim.ini
# Model Technology ModelSim Microsemi vmap 10.5c Lib Mapping Utility 2016.07 Jul 21 2016
# vmap smartfusion C:/Microsemi/Libero_SoC_v11.8/Designer/lib/modelsim/precompiled/vlog/smartfusion 
# Modifying modelsim.ini
# Model Technology ModelSim Microsemi vlog 10.5c Compiler 2016.07 Jul 21 2016
# Start time: 22:35:49 on Nov 02,2019
# vlog -reportprogress 300 -vlog01compat -work postlayout C:/Microsemi_Prj/hw7/SkewedProblemCounter/designer/impl1/top_level_counter_ba.v 
# -- Compiling module top_level_counter
# 
# Top level modules:
# 	top_level_counter
# End time: 22:35:49 on Nov 02,2019, Elapsed time: 0:00:00
# Errors: 0, Warnings: 0
# Model Technology ModelSim Microsemi vlog 10.5c Compiler 2016.07 Jul 21 2016
# Start time: 22:35:49 on Nov 02,2019
# vlog -reportprogress 300 "+incdir+C:/Microsemi_Prj/hw7/SkewedProblemCounter/stimulus" -vlog01compat -work postlayout C:/Microsemi_Prj/hw7/SkewedProblemCounter/stimulus/top_level_counter_tb.v 
# -- Compiling module top_level_counter_tb
# 
# Top level modules:
# 	top_level_counter_tb
# End time: 22:35:49 on Nov 02,2019, Elapsed time: 0:00:00
# Errors: 0, Warnings: 0
# vsim -L smartfusion -L postlayout -t 1ps -sdfmax /top_level_counter_0=C:/Microsemi_Prj/hw7/SkewedProblemCounter/designer/impl1/top_level_counter_ba.sdf postlayout.top_level_counter_tb 
# Start time: 22:13:14 on Nov 02,2019
# Loading postlayout.top_level_counter_tb
# Loading postlayout.top_level_counter
# Loading smartfusion.XA1B
# Loading smartfusion.NOR2B
# Loading smartfusion.NOR2A
# Loading smartfusion.IOTRI_OB_EB
# Loading smartfusion.IOPAD_TRI
# Loading smartfusion.NOR3C
# Loading smartfusion.DFN1
# Loading smartfusion.IOIN_IB
# Loading smartfusion.DFI1C1
# Loading smartfusion.IOPAD_IN
# Loading smartfusion.AX1C
# Loading smartfusion.NOR2
# Loading smartfusion.GND
# Loading smartfusion.VCC
# SDF 10.5c Compiler 2016.07 Jul 21 2016
# 
# Loading instances from C:/Microsemi_Prj/hw7/SkewedProblemCounter/designer/impl1/top_level_counter_ba.sdf
# Loading smartfusion.UDP_MUX2
# Loading smartfusion.Dffpr
# Loading timing data from C:/Microsemi_Prj/hw7/SkewedProblemCounter/designer/impl1/top_level_counter_ba.sdf
# ** Note: (vsim-3587) SDF Backannotation Successfully Completed.
#    Time: 0 ps  Iteration: 0  Instance: /top_level_counter_tb File: C:/Microsemi_Prj/hw7/SkewedProblemCounter/stimulus/top_level_counter_tb.v
# End time: 22:35:54 on Nov 02,2019, Elapsed time: 0:22:40
# Errors: 1, Warnings: 0
