# Reading C:/Microsemi/Libero_SoC_v11.8/Modelsim/tcl/vsim/pref.tcl
# do run.do
# INFO: Simulation library ../designer/impl1/simulation/postlayout already exists
# Model Technology ModelSim Microsemi vmap 10.5c Lib Mapping Utility 2016.07 Jul 21 2016
# vmap postlayout ../designer/impl1/simulation/postlayout 
# Modifying modelsim.ini
# Model Technology ModelSim Microsemi vmap 10.5c Lib Mapping Utility 2016.07 Jul 21 2016
# vmap smartfusion C:/Microsemi/Libero_SoC_v11.8/Designer/lib/modelsim/precompiled/vlog/smartfusion 
# Modifying modelsim.ini
# Model Technology ModelSim Microsemi vlog 10.5c Compiler 2016.07 Jul 21 2016
# Start time: 17:18:17 on Nov 05,2019
# vlog -reportprogress 300 -vlog01compat -work postlayout C:/Microsemi_Prj/hw7/p3_C/designer/impl1/top_level_counter_ba.v 
# -- Compiling module top_level_counter
# 
# Top level modules:
# 	top_level_counter
# End time: 17:18:17 on Nov 05,2019, Elapsed time: 0:00:00
# Errors: 0, Warnings: 0
# Model Technology ModelSim Microsemi vlog 10.5c Compiler 2016.07 Jul 21 2016
# Start time: 17:18:17 on Nov 05,2019
# vlog -reportprogress 300 "+incdir+C:/Microsemi_Prj/hw7/p3_C/stimulus" -vlog01compat -work postlayout C:/Microsemi_Prj/hw7/p3_C/stimulus/top_level_counter_tb.v 
# -- Compiling module top_level_counter_tb
# 
# Top level modules:
# 	top_level_counter_tb
# End time: 17:18:17 on Nov 05,2019, Elapsed time: 0:00:00
# Errors: 0, Warnings: 0
# vsim -L smartfusion -L postlayout -t 1ps -sdfmax /top_level_counter_0=C:/Microsemi_Prj/hw7/p3_C/designer/impl1/top_level_counter_ba.sdf postlayout.top_level_counter_tb 
# Start time: 17:18:17 on Nov 05,2019
# //  ModelSim Microsemi 10.5c Jul 21 2016
# //
# //  Copyright 1991-2016 Mentor Graphics Corporation
# //  All Rights Reserved.
# //
# //  ModelSim Microsemi and its associated documentation contain trade
# //  secrets and commercial or financial information that are the property of
# //  Mentor Graphics Corporation and are privileged, confidential,
# //  and exempt from disclosure under the Freedom of Information Act,
# //  5 U.S.C. Section 552. Furthermore, this information
# //  is prohibited from disclosure under the Trade Secrets Act,
# //  18 U.S.C. Section 1905.
# //
# Loading postlayout.top_level_counter_tb
# Loading postlayout.top_level_counter
# Loading smartfusion.NOR3B
# Loading smartfusion.DFN1E0
# Loading smartfusion.IOTRI_OB_EB
# Loading smartfusion.INV
# Loading smartfusion.IOPAD_TRI
# Loading smartfusion.NOR2B
# Loading smartfusion.NOR3A
# Loading smartfusion.NOR2A
# Loading smartfusion.IOIN_IB
# Loading smartfusion.NOR3C
# Loading smartfusion.XA1
# Loading smartfusion.DFN1P0
# Loading smartfusion.XA1A
# Loading smartfusion.AOI1
# Loading smartfusion.IOPAD_IN
# Loading smartfusion.CLKSRC
# Loading smartfusion.OR2A
# Loading smartfusion.NOR3
# Loading smartfusion.OR2B
# Loading smartfusion.AX1A
# Loading smartfusion.NOR2
# Loading smartfusion.GND
# Loading smartfusion.VCC
# Loading instances from C:/Microsemi_Prj/hw7/p3_C/designer/impl1/top_level_counter_ba.sdf
# Loading smartfusion.Dffpr
# Loading smartfusion.UDP_MUX2
# Loading smartfusion.UDPN_MUX2
# Loading timing data from C:/Microsemi_Prj/hw7/p3_C/designer/impl1/top_level_counter_ba.sdf
# ** Note: (vsim-3587) SDF Backannotation Successfully Completed.
#    Time: 0 ps  Iteration: 0  Instance: /top_level_counter_tb File: C:/Microsemi_Prj/hw7/p3_C/stimulus/top_level_counter_tb.v
# WARNING: No extended dataflow license exists
# End time: 17:53:44 on Nov 05,2019, Elapsed time: 0:35:27
# Errors: 0, Warnings: 1
