# Reading C:/Microsemi/Libero_SoC_v11.8/Modelsim/tcl/vsim/pref.tcl
# do run.do
# INFO: Simulation library postsynth already exists
# Model Technology ModelSim Microsemi vmap 10.5c Lib Mapping Utility 2016.07 Jul 21 2016
# vmap postsynth postsynth 
# Modifying modelsim.ini
# Model Technology ModelSim Microsemi vmap 10.5c Lib Mapping Utility 2016.07 Jul 21 2016
# vmap smartfusion C:/Microsemi/Libero_SoC_v11.8/Designer/lib/modelsim/precompiled/vlog/smartfusion 
# Modifying modelsim.ini
# Model Technology ModelSim Microsemi vcom 10.5c Compiler 2016.07 Jul 21 2016
# Start time: 18:01:42 on Nov 10,2019
# vcom -reportprogress 300 -2008 -explicit -work postsynth C:/Microsemi_Prj/hw8/p1a/synthesis/CDC3FF.vhd 
# -- Loading package STANDARD
# -- Loading package TEXTIO
# -- Loading package std_logic_1164
# -- Compiling entity CDC3FF
# -- Compiling architecture DEF_ARCH of CDC3FF
# End time: 18:01:42 on Nov 10,2019, Elapsed time: 0:00:00
# Errors: 0, Warnings: 0
# Model Technology ModelSim Microsemi vcom 10.5c Compiler 2016.07 Jul 21 2016
# Start time: 18:01:42 on Nov 10,2019
# vcom -reportprogress 300 -2008 -explicit -work postsynth C:/Microsemi_Prj/hw8/p1a/stimulus/CDC3FF_tb.vhd 
# -- Loading package STANDARD
# -- Loading package TEXTIO
# -- Loading package std_logic_1164
# -- Compiling entity CDC3FF_tb
# -- Compiling architecture behavioral of CDC3FF_tb
# End time: 18:01:42 on Nov 10,2019, Elapsed time: 0:00:00
# Errors: 0, Warnings: 0
# vsim -L smartfusion -L postsynth -t 1ps postsynth.CDC3FF_tb 
# Start time: 18:01:43 on Nov 10,2019
# //  ModelSim Microsemi 10.5c Jul 21 2016
# //
# //  Copyright 1991-2016 Mentor Graphics Corporation
# //  All Rights Reserved.
# //
# //  ModelSim Microsemi and its associated documentation contain trade
# //  secrets and commercial or financial information that are the property of
# //  Mentor Graphics Corporation and are privileged, confidential,
# //  and exempt from disclosure under the Freedom of Information Act,
# //  5 U.S.C. Section 552. Furthermore, this information
# //  is prohibited from disclosure under the Trade Secrets Act,
# //  18 U.S.C. Section 1905.
# //
# Loading std.standard
# Loading std.textio(body)
# Loading ieee.std_logic_1164(body)
# Loading postsynth.cdc3ff_tb(behavioral)
# Loading postsynth.cdc3ff(def_arch)
# Loading smartfusion.DFN1C1
# Loading smartfusion.CLKBUF
# Loading smartfusion.INBUF
# Loading smartfusion.VCC
# Loading smartfusion.GND
# Loading smartfusion.OUTBUF
# Loading smartfusion.UFPRB
# End time: 18:03:00 on Nov 10,2019, Elapsed time: 0:01:17
# Errors: 0, Warnings: 0
