# Reading C:/Microsemi/Libero_SoC_v11.8/Modelsim/tcl/vsim/pref.tcl
# do run.do
# INFO: Simulation library postsynth already exists
# Model Technology ModelSim Microsemi vmap 10.5c Lib Mapping Utility 2016.07 Jul 21 2016
# vmap postsynth postsynth 
# Modifying modelsim.ini
# Model Technology ModelSim Microsemi vmap 10.5c Lib Mapping Utility 2016.07 Jul 21 2016
# vmap smartfusion C:/Microsemi/Libero_SoC_v11.8/Designer/lib/modelsim/precompiled/vlog/smartfusion 
# Modifying modelsim.ini
# Model Technology ModelSim Microsemi vcom 10.5c Compiler 2016.07 Jul 21 2016
# Start time: 18:43:01 on Nov 17,2019
# vcom -reportprogress 300 -2008 -explicit -work postsynth C:/Microsemi_Prj/hw8/p1a/synthesis/PartA.vhd 
# -- Loading package STANDARD
# -- Loading package TEXTIO
# -- Loading package std_logic_1164
# -- Compiling entity CDC3FF
# -- Compiling architecture DEF_ARCH of CDC3FF
# -- Compiling entity PartA
# -- Compiling architecture DEF_ARCH of PartA
# -- Loading entity CDC3FF
# End time: 18:43:01 on Nov 17,2019, Elapsed time: 0:00:00
# Errors: 0, Warnings: 0
# Model Technology ModelSim Microsemi vcom 10.5c Compiler 2016.07 Jul 21 2016
# Start time: 18:43:01 on Nov 17,2019
# vcom -reportprogress 300 -2008 -explicit -work postsynth C:/Microsemi_Prj/hw8/p1a/stimulus/PartA_tb.vhd 
# -- Loading package STANDARD
# -- Loading package TEXTIO
# -- Loading package std_logic_1164
# -- Compiling entity PartA_tb
# -- Compiling architecture behavioral of PartA_tb
# End time: 18:43:01 on Nov 17,2019, Elapsed time: 0:00:00
# Errors: 0, Warnings: 0
# vsim -L smartfusion -L postsynth -t 1ps postsynth.PartA_tb 
# Start time: 18:43:02 on Nov 17,2019
# //  ModelSim Microsemi 10.5c Jul 21 2016
# //
# //  Copyright 1991-2016 Mentor Graphics Corporation
# //  All Rights Reserved.
# //
# //  ModelSim Microsemi and its associated documentation contain trade
# //  secrets and commercial or financial information that are the property of
# //  Mentor Graphics Corporation and are privileged, confidential,
# //  and exempt from disclosure under the Freedom of Information Act,
# //  5 U.S.C. Section 552. Furthermore, this information
# //  is prohibited from disclosure under the Trade Secrets Act,
# //  18 U.S.C. Section 1905.
# //
# Loading std.standard
# Loading std.textio(body)
# Loading ieee.std_logic_1164(body)
# Loading postsynth.parta_tb(behavioral)
# Loading postsynth.parta(def_arch)
# Loading smartfusion.DFN1C1
# Loading smartfusion.CLKBUF
# Loading smartfusion.OUTBUF
# Loading smartfusion.VCC
# Loading smartfusion.INV
# Loading postsynth.cdc3ff(def_arch)
# Loading smartfusion.GND
# Loading smartfusion.MX2
# Loading smartfusion.INBUF
# Loading smartfusion.UFPRB
# Loading smartfusion.UDP_MUX2
add wave -position end sim:/parta_tb/PartA_0/DFN1C1_0/*
run
run
run
restart -f
run 100 ns
# GetModuleFileName: The specified module could not be found.
# 
# 
run 100 ns
run 100 ns
run 100 ns
run 100 ns
run 100 ns
add wave -position end sim:/parta_tb/PartA_0/CDC3FF_0/*
restart -f
run 1000 ns
# GetModuleFileName: The specified module could not be found.
# 
# 
history
#      1  do run.do
#      2  add wave -position end sim:/parta_tb/PartA_0/DFN1C1_0/*
#      3  run
#      4  restart -f
#      5  run 100 ns
#      6  add wave -position end sim:/parta_tb/PartA_0/CDC3FF_0/*
#      7  restart -f
#      8  run 1000 ns
#      9  history
# End time: 19:25:09 on Nov 17,2019, Elapsed time: 0:42:07
# Errors: 0, Warnings: 0
