# Reading C:/Microsemi/Libero_SoC_v11.8/Modelsim/tcl/vsim/pref.tcl
# do run.do
# INFO: Simulation library ../designer/impl1/simulation/postlayout already exists
# Model Technology ModelSim Microsemi vmap 10.5c Lib Mapping Utility 2016.07 Jul 21 2016
# vmap postlayout ../designer/impl1/simulation/postlayout 
# Modifying modelsim.ini
# Model Technology ModelSim Microsemi vmap 10.5c Lib Mapping Utility 2016.07 Jul 21 2016
# vmap smartfusion C:/Microsemi/Libero_SoC_v11.8/Designer/lib/modelsim/precompiled/vlog/smartfusion 
# Modifying modelsim.ini
# Model Technology ModelSim Microsemi vlog 10.5c Compiler 2016.07 Jul 21 2016
# Start time: 20:16:10 on Nov 03,2019
# vlog -reportprogress 300 -vlog01compat -work postlayout C:/Microsemi_Prj/hw7/p4/designer/impl1/Strained_ba.v 
# -- Compiling module Strained
# 
# Top level modules:
# 	Strained
# End time: 20:16:10 on Nov 03,2019, Elapsed time: 0:00:00
# Errors: 0, Warnings: 0
# Model Technology ModelSim Microsemi vlog 10.5c Compiler 2016.07 Jul 21 2016
# Start time: 20:16:10 on Nov 03,2019
# vlog -reportprogress 300 "+incdir+C:/Microsemi_Prj/hw7/p4/stimulus" -vlog01compat -work postlayout C:/Microsemi_Prj/hw7/p4/stimulus/Strained_tb.v 
# -- Compiling module Strained_tb
# 
# Top level modules:
# 	Strained_tb
# End time: 20:16:10 on Nov 03,2019, Elapsed time: 0:00:00
# Errors: 0, Warnings: 0
# vsim -L smartfusion -L postlayout -t 1ps -sdfmax /Strained_0=C:/Microsemi_Prj/hw7/p4/designer/impl1/Strained_ba.sdf postlayout.Strained_tb 
# Start time: 20:16:10 on Nov 03,2019
# //  ModelSim Microsemi 10.5c Jul 21 2016
# //
# //  Copyright 1991-2016 Mentor Graphics Corporation
# //  All Rights Reserved.
# //
# //  ModelSim Microsemi and its associated documentation contain trade
# //  secrets and commercial or financial information that are the property of
# //  Mentor Graphics Corporation and are privileged, confidential,
# //  and exempt from disclosure under the Freedom of Information Act,
# //  5 U.S.C. Section 552. Furthermore, this information
# //  is prohibited from disclosure under the Trade Secrets Act,
# //  18 U.S.C. Section 1905.
# //
# Loading postlayout.Strained_tb
# Loading postlayout.Strained
# Loading smartfusion.XA1B
# Loading smartfusion.NOR2B
# Loading smartfusion.DFN1
# Loading smartfusion.NOR3C
# Loading smartfusion.NOR2
# Loading smartfusion.CLKSRC
# Loading smartfusion.IOIN_IB
# Loading smartfusion.IOTRI_OB_EB
# Loading smartfusion.IOPAD_TRI
# Loading smartfusion.IOPAD_IN
# Loading smartfusion.GND
# Loading smartfusion.VCC
# SDF 10.5c Compiler 2016.07 Jul 21 2016
# 
# Loading instances from C:/Microsemi_Prj/hw7/p4/designer/impl1/Strained_ba.sdf
# Loading smartfusion.UDP_MUX2
# Loading smartfusion.Dffpr
# Loading timing data from C:/Microsemi_Prj/hw7/p4/designer/impl1/Strained_ba.sdf
# ** Note: (vsim-3587) SDF Backannotation Successfully Completed.
#    Time: 0 ps  Iteration: 0  Instance: /Strained_tb File: C:/Microsemi_Prj/hw7/p4/stimulus/Strained_tb.v
set slist [find -signals {/Strained_tb/Strained_0/*/Q}];
# bad option "-signals": should be one of...
#   find blocks ?arg arg ...?
#   find classes ?pattern?
#   find connections ?arg arg ...?
#   find drivers ?arg arg ...?
#   find infiles ?arg arg ...?
#   find insource ?arg arg ...?
#   find instances ?arg arg ...?
#   find loads ?arg arg ...?
#   find nets ?arg arg ...?
#   find objects ?-class className? ?-isa className? ?pattern?
#   find signals ?arg arg ...?
#   find virtuals ?arg arg ...?

set slist [find -signals /Strained_tb/Strained_0/*/Q];
# bad option "-signals": should be one of...
#   find blocks ?arg arg ...?
#   find classes ?pattern?
#   find connections ?arg arg ...?
#   find drivers ?arg arg ...?
#   find infiles ?arg arg ...?
#   find insource ?arg arg ...?
#   find instances ?arg arg ...?
#   find loads ?arg arg ...?
#   find nets ?arg arg ...?
#   find objects ?-class className? ?-isa className? ?pattern?
#   find signals ?arg arg ...?
#   find virtuals ?arg arg ...?
set slist [find signals {/Strained_tb/Strained_0/*/Q}];
# {/Strained_tb/Strained_0/\Q[0] /Q} {/Strained_tb/Strained_0/\Q[1] /Q} {/Strained_tb/Strained_0/\Q[10] /Q} {/Strained_tb/Strained_0/\Q[2] /Q} {/Strained_tb/Strained_0/\Q[11] /Q} {/Strained_tb/Strained_0/\Q[12] /Q} {/Strained_tb/Strained_0/\Q[3] /Q} {/Strained_tb/Strained_0/\Q[4] /Q} {/Strained_tb/Strained_0/\Q[13] /Q} {/Strained_tb/Strained_0/\Q[14] /Q} {/Strained_tb/Strained_0/\Q[5] /Q} {/Strained_tb/Strained_0/\Q[15] /Q} {/Strained_tb/Strained_0/\Q[6] /Q} {/Strained_tb/Strained_0/\Q[16] /Q} {/Strained_tb/Strained_0/\Q[7] /Q} {/Strained_tb/Strained_0/\Q[8] /Q} {/Strained_tb/Strained_0/\Q[17] /Q} {/Strained_tb/Strained_0/\Q[9] /Q} {/Strained_tb/Strained_0/\Q[18] /Q} {/Strained_tb/Strained_0/\Q[19] /Q} {/Strained_tb/Strained_0/\Q[20] /Q} {/Strained_tb/Strained_0/\Q[21] /Q} {/Strained_tb/Strained_0/\Q[22] /Q} {/Strained_tb/Strained_0/\Q[23] /Q}
echo $slist
# {/Strained_tb/Strained_0/\Q[0] /Q} {/Strained_tb/Strained_0/\Q[1] /Q} {/Strained_tb/Strained_0/\Q[10] /Q} {/Strained_tb/Strained_0/\Q[2] /Q} {/Strained_tb/Strained_0/\Q[11] /Q} {/Strained_tb/Strained_0/\Q[12] /Q} {/Strained_tb/Strained_0/\Q[3] /Q} {/Strained_tb/Strained_0/\Q[4] /Q} {/Strained_tb/Strained_0/\Q[13] /Q} {/Strained_tb/Strained_0/\Q[14] /Q} {/Strained_tb/Strained_0/\Q[5] /Q} {/Strained_tb/Strained_0/\Q[15] /Q} {/Strained_tb/Strained_0/\Q[6] /Q} {/Strained_tb/Strained_0/\Q[16] /Q} {/Strained_tb/Strained_0/\Q[7] /Q} {/Strained_tb/Strained_0/\Q[8] /Q} {/Strained_tb/Strained_0/\Q[17] /Q} {/Strained_tb/Strained_0/\Q[9] /Q} {/Strained_tb/Strained_0/\Q[18] /Q} {/Strained_tb/Strained_0/\Q[19] /Q} {/Strained_tb/Strained_0/\Q[20] /Q} {/Strained_tb/Strained_0/\Q[21] /Q} {/Strained_tb/Strained_0/\Q[22] /Q} {/Strained_tb/Strained_0/\Q[23] /Q}
set slist [lsort -dictionary $slist];
# {/Strained_tb/Strained_0/\Q[0] /Q} {/Strained_tb/Strained_0/\Q[1] /Q} {/Strained_tb/Strained_0/\Q[2] /Q} {/Strained_tb/Strained_0/\Q[3] /Q} {/Strained_tb/Strained_0/\Q[4] /Q} {/Strained_tb/Strained_0/\Q[5] /Q} {/Strained_tb/Strained_0/\Q[6] /Q} {/Strained_tb/Strained_0/\Q[7] /Q} {/Strained_tb/Strained_0/\Q[8] /Q} {/Strained_tb/Strained_0/\Q[9] /Q} {/Strained_tb/Strained_0/\Q[10] /Q} {/Strained_tb/Strained_0/\Q[11] /Q} {/Strained_tb/Strained_0/\Q[12] /Q} {/Strained_tb/Strained_0/\Q[13] /Q} {/Strained_tb/Strained_0/\Q[14] /Q} {/Strained_tb/Strained_0/\Q[15] /Q} {/Strained_tb/Strained_0/\Q[16] /Q} {/Strained_tb/Strained_0/\Q[17] /Q} {/Strained_tb/Strained_0/\Q[18] /Q} {/Strained_tb/Strained_0/\Q[19] /Q} {/Strained_tb/Strained_0/\Q[20] /Q} {/Strained_tb/Strained_0/\Q[21] /Q} {/Strained_tb/Strained_0/\Q[22] /Q} {/Strained_tb/Strained_0/\Q[23] /Q}

foreach s $slist { add wave $s };
do run.do
# INFO: Simulation library ../designer/impl1/simulation/postlayout already exists
# Model Technology ModelSim Microsemi vmap 10.5c Lib Mapping Utility 2016.07 Jul 21 2016
# vmap postlayout ../designer/impl1/simulation/postlayout 
# Modifying modelsim.ini
# Model Technology ModelSim Microsemi vmap 10.5c Lib Mapping Utility 2016.07 Jul 21 2016
# vmap smartfusion C:/Microsemi/Libero_SoC_v11.8/Designer/lib/modelsim/precompiled/vlog/smartfusion 
# Modifying modelsim.ini
# Model Technology ModelSim Microsemi vlog 10.5c Compiler 2016.07 Jul 21 2016
# Start time: 20:19:28 on Nov 03,2019
# vlog -reportprogress 300 -vlog01compat -work postlayout C:/Microsemi_Prj/hw7/p4/designer/impl1/Strained_ba.v 
# -- Compiling module Strained
# 
# Top level modules:
# 	Strained
# End time: 20:19:28 on Nov 03,2019, Elapsed time: 0:00:00
# Errors: 0, Warnings: 0
# Model Technology ModelSim Microsemi vlog 10.5c Compiler 2016.07 Jul 21 2016
# Start time: 20:19:28 on Nov 03,2019
# vlog -reportprogress 300 "+incdir+C:/Microsemi_Prj/hw7/p4/stimulus" -vlog01compat -work postlayout C:/Microsemi_Prj/hw7/p4/stimulus/Strained_tb.v 
# -- Compiling module Strained_tb
# 
# Top level modules:
# 	Strained_tb
# End time: 20:19:28 on Nov 03,2019, Elapsed time: 0:00:00
# Errors: 0, Warnings: 0
# End time: 20:19:30 on Nov 03,2019, Elapsed time: 0:03:20
# Errors: 2, Warnings: 0
# vsim -L smartfusion -L postlayout -t 1ps -sdfmax /Strained_0=C:/Microsemi_Prj/hw7/p4/designer/impl1/Strained_ba.sdf postlayout.Strained_tb 
# Start time: 20:19:30 on Nov 03,2019
# Loading postlayout.Strained_tb
# Loading postlayout.Strained
# Loading smartfusion.XA1B
# Loading smartfusion.NOR2B
# Loading smartfusion.DFN1
# Loading smartfusion.NOR3C
# Loading smartfusion.NOR2
# Loading smartfusion.CLKSRC
# Loading smartfusion.IOIN_IB
# Loading smartfusion.IOTRI_OB_EB
# Loading smartfusion.IOPAD_TRI
# Loading smartfusion.IOPAD_IN
# Loading smartfusion.GND
# Loading smartfusion.VCC
# Loading instances from C:/Microsemi_Prj/hw7/p4/designer/impl1/Strained_ba.sdf
# Loading smartfusion.UDP_MUX2
# Loading smartfusion.Dffpr
# Loading timing data from C:/Microsemi_Prj/hw7/p4/designer/impl1/Strained_ba.sdf
# ** Note: (vsim-3587) SDF Backannotation Successfully Completed.
#    Time: 0 ps  Iteration: 0  Instance: /Strained_tb File: C:/Microsemi_Prj/hw7/p4/stimulus/Strained_tb.v
# ** Error: bad option "-signals": should be one of...
#   find blocks ?arg arg ...?
#   find classes ?pattern?
#   find connections ?arg arg ...?
#   find drivers ?arg arg ...?
#   find infiles ?arg arg ...?
#   find insource ?arg arg ...?
#   find instances ?arg arg ...?
#   find loads ?arg arg ...?
#   find nets ?arg arg ...?
#   find objects ?-class className? ?-isa className? ?pattern?
#   find signals ?arg arg ...?
#   find virtuals ?arg arg ...?
# Error in macro ./run.do line 18
# bad option "-signals": should be one of...
#   find blocks ?arg arg ...?
#   find classes ?pattern?
#   find connections ?arg arg ...?
#   find drivers ?arg arg ...?
#   find infiles ?arg arg ...?
#   find insource ?arg arg ...?
#   find instances ?arg arg ...?
#   find loads ?arg arg ...?
#   find nets ?arg arg ...?
#   find objects ?-class className? ?-isa className? ?pattern?
#   find signals ?arg arg ...?
#   find virtuals ?arg arg ...?
#     while executing
# "find -signals {/Strained_tb/Strained_0/*/Q}"
#     invoked from within
# "set slist [find -signals {/Strained_tb/Strained_0/*/Q}]"
lsort --help
# --help
lsort
# wrong # args: should be "lsort ?options? list"
help losrt
# No help for losrt available.
help lsort
# Tcl command:  Sort the elements of a list
# Usage: lsort [options] list
set slist [lsort -dictionary -reverse $slist];
# bad option "-reverse": must be -ascii, -command, -decreasing, -dictionary, -increasing, -index, -indices, -integer, -nocase, -real, or -unique
set slist [lsort -decreasing $slist];
# {/Strained_tb/Strained_0/\Q[9] /Q} {/Strained_tb/Strained_0/\Q[8] /Q} {/Strained_tb/Strained_0/\Q[7] /Q} {/Strained_tb/Strained_0/\Q[6] /Q} {/Strained_tb/Strained_0/\Q[5] /Q} {/Strained_tb/Strained_0/\Q[4] /Q} {/Strained_tb/Strained_0/\Q[3] /Q} {/Strained_tb/Strained_0/\Q[2] /Q} {/Strained_tb/Strained_0/\Q[23] /Q} {/Strained_tb/Strained_0/\Q[22] /Q} {/Strained_tb/Strained_0/\Q[21] /Q} {/Strained_tb/Strained_0/\Q[20] /Q} {/Strained_tb/Strained_0/\Q[1] /Q} {/Strained_tb/Strained_0/\Q[19] /Q} {/Strained_tb/Strained_0/\Q[18] /Q} {/Strained_tb/Strained_0/\Q[17] /Q} {/Strained_tb/Strained_0/\Q[16] /Q} {/Strained_tb/Strained_0/\Q[15] /Q} {/Strained_tb/Strained_0/\Q[14] /Q} {/Strained_tb/Strained_0/\Q[13] /Q} {/Strained_tb/Strained_0/\Q[12] /Q} {/Strained_tb/Strained_0/\Q[11] /Q} {/Strained_tb/Strained_0/\Q[10] /Q} {/Strained_tb/Strained_0/\Q[0] /Q}
set slist [lsort -ascii $slist];
# {/Strained_tb/Strained_0/\Q[0] /Q} {/Strained_tb/Strained_0/\Q[10] /Q} {/Strained_tb/Strained_0/\Q[11] /Q} {/Strained_tb/Strained_0/\Q[12] /Q} {/Strained_tb/Strained_0/\Q[13] /Q} {/Strained_tb/Strained_0/\Q[14] /Q} {/Strained_tb/Strained_0/\Q[15] /Q} {/Strained_tb/Strained_0/\Q[16] /Q} {/Strained_tb/Strained_0/\Q[17] /Q} {/Strained_tb/Strained_0/\Q[18] /Q} {/Strained_tb/Strained_0/\Q[19] /Q} {/Strained_tb/Strained_0/\Q[1] /Q} {/Strained_tb/Strained_0/\Q[20] /Q} {/Strained_tb/Strained_0/\Q[21] /Q} {/Strained_tb/Strained_0/\Q[22] /Q} {/Strained_tb/Strained_0/\Q[23] /Q} {/Strained_tb/Strained_0/\Q[2] /Q} {/Strained_tb/Strained_0/\Q[3] /Q} {/Strained_tb/Strained_0/\Q[4] /Q} {/Strained_tb/Strained_0/\Q[5] /Q} {/Strained_tb/Strained_0/\Q[6] /Q} {/Strained_tb/Strained_0/\Q[7] /Q} {/Strained_tb/Strained_0/\Q[8] /Q} {/Strained_tb/Strained_0/\Q[9] /Q}
set slist [lsort -integer $slist];
# expected integer but got "/Strained_tb/Strained_0/\Q[0] /Q"
set slist [lsort -increasing $slist];
# {/Strained_tb/Strained_0/\Q[0] /Q} {/Strained_tb/Strained_0/\Q[10] /Q} {/Strained_tb/Strained_0/\Q[11] /Q} {/Strained_tb/Strained_0/\Q[12] /Q} {/Strained_tb/Strained_0/\Q[13] /Q} {/Strained_tb/Strained_0/\Q[14] /Q} {/Strained_tb/Strained_0/\Q[15] /Q} {/Strained_tb/Strained_0/\Q[16] /Q} {/Strained_tb/Strained_0/\Q[17] /Q} {/Strained_tb/Strained_0/\Q[18] /Q} {/Strained_tb/Strained_0/\Q[19] /Q} {/Strained_tb/Strained_0/\Q[1] /Q} {/Strained_tb/Strained_0/\Q[20] /Q} {/Strained_tb/Strained_0/\Q[21] /Q} {/Strained_tb/Strained_0/\Q[22] /Q} {/Strained_tb/Strained_0/\Q[23] /Q} {/Strained_tb/Strained_0/\Q[2] /Q} {/Strained_tb/Strained_0/\Q[3] /Q} {/Strained_tb/Strained_0/\Q[4] /Q} {/Strained_tb/Strained_0/\Q[5] /Q} {/Strained_tb/Strained_0/\Q[6] /Q} {/Strained_tb/Strained_0/\Q[7] /Q} {/Strained_tb/Strained_0/\Q[8] /Q} {/Strained_tb/Strained_0/\Q[9] /Q}
do run.do
# INFO: Simulation library ../designer/impl1/simulation/postlayout already exists
# Model Technology ModelSim Microsemi vmap 10.5c Lib Mapping Utility 2016.07 Jul 21 2016
# vmap postlayout ../designer/impl1/simulation/postlayout 
# Modifying modelsim.ini
# Model Technology ModelSim Microsemi vmap 10.5c Lib Mapping Utility 2016.07 Jul 21 2016
# vmap smartfusion C:/Microsemi/Libero_SoC_v11.8/Designer/lib/modelsim/precompiled/vlog/smartfusion 
# Modifying modelsim.ini
# Model Technology ModelSim Microsemi vlog 10.5c Compiler 2016.07 Jul 21 2016
# Start time: 20:22:11 on Nov 03,2019
# vlog -reportprogress 300 -vlog01compat -work postlayout C:/Microsemi_Prj/hw7/p4/designer/impl1/Strained_ba.v 
# -- Compiling module Strained
# 
# Top level modules:
# 	Strained
# End time: 20:22:11 on Nov 03,2019, Elapsed time: 0:00:00
# Errors: 0, Warnings: 0
# Model Technology ModelSim Microsemi vlog 10.5c Compiler 2016.07 Jul 21 2016
# Start time: 20:22:11 on Nov 03,2019
# vlog -reportprogress 300 "+incdir+C:/Microsemi_Prj/hw7/p4/stimulus" -vlog01compat -work postlayout C:/Microsemi_Prj/hw7/p4/stimulus/Strained_tb.v 
# -- Compiling module Strained_tb
# 
# Top level modules:
# 	Strained_tb
# End time: 20:22:11 on Nov 03,2019, Elapsed time: 0:00:00
# Errors: 0, Warnings: 0
# End time: 20:22:12 on Nov 03,2019, Elapsed time: 0:02:42
# Errors: 7, Warnings: 0
# vsim -L smartfusion -L postlayout -t 1ps -sdfmax /Strained_0=C:/Microsemi_Prj/hw7/p4/designer/impl1/Strained_ba.sdf postlayout.Strained_tb 
# Start time: 20:22:12 on Nov 03,2019
# Loading postlayout.Strained_tb
# Loading postlayout.Strained
# Loading smartfusion.XA1B
# Loading smartfusion.NOR2B
# Loading smartfusion.DFN1
# Loading smartfusion.NOR3C
# Loading smartfusion.NOR2
# Loading smartfusion.CLKSRC
# Loading smartfusion.IOIN_IB
# Loading smartfusion.IOTRI_OB_EB
# Loading smartfusion.IOPAD_TRI
# Loading smartfusion.IOPAD_IN
# Loading smartfusion.GND
# Loading smartfusion.VCC
# Loading instances from C:/Microsemi_Prj/hw7/p4/designer/impl1/Strained_ba.sdf
# Loading smartfusion.UDP_MUX2
# Loading smartfusion.Dffpr
# Loading timing data from C:/Microsemi_Prj/hw7/p4/designer/impl1/Strained_ba.sdf
# ** Note: (vsim-3587) SDF Backannotation Successfully Completed.
#    Time: 0 ps  Iteration: 0  Instance: /Strained_tb File: C:/Microsemi_Prj/hw7/p4/stimulus/Strained_tb.v
# /Strained_tb/Strained_0/\Q[0] /Q
# /Strained_tb/Strained_0/\Q[1] /Q
# /Strained_tb/Strained_0/\Q[10] /Q
# /Strained_tb/Strained_0/\Q[2] /Q
# /Strained_tb/Strained_0/\Q[11] /Q
# /Strained_tb/Strained_0/\Q[12] /Q
# /Strained_tb/Strained_0/\Q[3] /Q
# /Strained_tb/Strained_0/\Q[4] /Q
# /Strained_tb/Strained_0/\Q[13] /Q
# /Strained_tb/Strained_0/\Q[14] /Q
# /Strained_tb/Strained_0/\Q[5] /Q
# /Strained_tb/Strained_0/\Q[15] /Q
# /Strained_tb/Strained_0/\Q[6] /Q
# /Strained_tb/Strained_0/\Q[16] /Q
# /Strained_tb/Strained_0/\Q[7] /Q
# /Strained_tb/Strained_0/\Q[8] /Q
# /Strained_tb/Strained_0/\Q[17] /Q
# /Strained_tb/Strained_0/\Q[9] /Q
# /Strained_tb/Strained_0/\Q[18] /Q
# /Strained_tb/Strained_0/\Q[19] /Q
# /Strained_tb/Strained_0/\Q[20] /Q
# /Strained_tb/Strained_0/\Q[21] /Q
# /Strained_tb/Strained_0/\Q[22] /Q
# /Strained_tb/Strained_0/\Q[23] /Q
# /Strained_tb/Strained_0/\Q[0] /Q
# /Strained_tb/Strained_0/\Q[1] /Q
# /Strained_tb/Strained_0/\Q[2] /Q
# /Strained_tb/Strained_0/\Q[3] /Q
# /Strained_tb/Strained_0/\Q[4] /Q
# /Strained_tb/Strained_0/\Q[5] /Q
# /Strained_tb/Strained_0/\Q[6] /Q
# /Strained_tb/Strained_0/\Q[7] /Q
# /Strained_tb/Strained_0/\Q[8] /Q
# /Strained_tb/Strained_0/\Q[9] /Q
# /Strained_tb/Strained_0/\Q[10] /Q
# /Strained_tb/Strained_0/\Q[11] /Q
# /Strained_tb/Strained_0/\Q[12] /Q
# /Strained_tb/Strained_0/\Q[13] /Q
# /Strained_tb/Strained_0/\Q[14] /Q
# /Strained_tb/Strained_0/\Q[15] /Q
# /Strained_tb/Strained_0/\Q[16] /Q
# /Strained_tb/Strained_0/\Q[17] /Q
# /Strained_tb/Strained_0/\Q[18] /Q
# /Strained_tb/Strained_0/\Q[19] /Q
# /Strained_tb/Strained_0/\Q[20] /Q
# /Strained_tb/Strained_0/\Q[21] /Q
# /Strained_tb/Strained_0/\Q[22] /Q
# /Strained_tb/Strained_0/\Q[23] /Q
do run.do
# INFO: Simulation library ../designer/impl1/simulation/postlayout already exists
# Model Technology ModelSim Microsemi vmap 10.5c Lib Mapping Utility 2016.07 Jul 21 2016
# vmap postlayout ../designer/impl1/simulation/postlayout 
# Modifying modelsim.ini
# Model Technology ModelSim Microsemi vmap 10.5c Lib Mapping Utility 2016.07 Jul 21 2016
# vmap smartfusion C:/Microsemi/Libero_SoC_v11.8/Designer/lib/modelsim/precompiled/vlog/smartfusion 
# Modifying modelsim.ini
# Model Technology ModelSim Microsemi vlog 10.5c Compiler 2016.07 Jul 21 2016
# Start time: 20:23:04 on Nov 03,2019
# vlog -reportprogress 300 -vlog01compat -work postlayout C:/Microsemi_Prj/hw7/p4/designer/impl1/Strained_ba.v 
# -- Compiling module Strained
# 
# Top level modules:
# 	Strained
# End time: 20:23:04 on Nov 03,2019, Elapsed time: 0:00:00
# Errors: 0, Warnings: 0
# Model Technology ModelSim Microsemi vlog 10.5c Compiler 2016.07 Jul 21 2016
# Start time: 20:23:04 on Nov 03,2019
# vlog -reportprogress 300 "+incdir+C:/Microsemi_Prj/hw7/p4/stimulus" -vlog01compat -work postlayout C:/Microsemi_Prj/hw7/p4/stimulus/Strained_tb.v 
# -- Compiling module Strained_tb
# 
# Top level modules:
# 	Strained_tb
# End time: 20:23:04 on Nov 03,2019, Elapsed time: 0:00:00
# Errors: 0, Warnings: 0
# End time: 20:23:05 on Nov 03,2019, Elapsed time: 0:00:53
# Errors: 0, Warnings: 0
# vsim -L smartfusion -L postlayout -t 1ps -sdfmax /Strained_0=C:/Microsemi_Prj/hw7/p4/designer/impl1/Strained_ba.sdf postlayout.Strained_tb 
# Start time: 20:23:05 on Nov 03,2019
# Loading postlayout.Strained_tb
# Loading postlayout.Strained
# Loading smartfusion.XA1B
# Loading smartfusion.NOR2B
# Loading smartfusion.DFN1
# Loading smartfusion.NOR3C
# Loading smartfusion.NOR2
# Loading smartfusion.CLKSRC
# Loading smartfusion.IOIN_IB
# Loading smartfusion.IOTRI_OB_EB
# Loading smartfusion.IOPAD_TRI
# Loading smartfusion.IOPAD_IN
# Loading smartfusion.GND
# Loading smartfusion.VCC
# Loading instances from C:/Microsemi_Prj/hw7/p4/designer/impl1/Strained_ba.sdf
# Loading smartfusion.UDP_MUX2
# Loading smartfusion.Dffpr
# Loading timing data from C:/Microsemi_Prj/hw7/p4/designer/impl1/Strained_ba.sdf
# ** Note: (vsim-3587) SDF Backannotation Successfully Completed.
#    Time: 0 ps  Iteration: 0  Instance: /Strained_tb File: C:/Microsemi_Prj/hw7/p4/stimulus/Strained_tb.v
# /Strained_tb/Strained_0/\Q[0] /Q
# /Strained_tb/Strained_0/\Q[1] /Q
# /Strained_tb/Strained_0/\Q[10] /Q
# /Strained_tb/Strained_0/\Q[2] /Q
# /Strained_tb/Strained_0/\Q[11] /Q
# /Strained_tb/Strained_0/\Q[12] /Q
# /Strained_tb/Strained_0/\Q[3] /Q
# /Strained_tb/Strained_0/\Q[4] /Q
# /Strained_tb/Strained_0/\Q[13] /Q
# /Strained_tb/Strained_0/\Q[14] /Q
# /Strained_tb/Strained_0/\Q[5] /Q
# /Strained_tb/Strained_0/\Q[15] /Q
# /Strained_tb/Strained_0/\Q[6] /Q
# /Strained_tb/Strained_0/\Q[16] /Q
# /Strained_tb/Strained_0/\Q[7] /Q
# /Strained_tb/Strained_0/\Q[8] /Q
# /Strained_tb/Strained_0/\Q[17] /Q
# /Strained_tb/Strained_0/\Q[9] /Q
# /Strained_tb/Strained_0/\Q[18] /Q
# /Strained_tb/Strained_0/\Q[19] /Q
# /Strained_tb/Strained_0/\Q[20] /Q
# /Strained_tb/Strained_0/\Q[21] /Q
# /Strained_tb/Strained_0/\Q[22] /Q
# /Strained_tb/Strained_0/\Q[23] /Q
# /Strained_tb/Strained_0/\Q[0] /Q
# /Strained_tb/Strained_0/\Q[1] /Q
# /Strained_tb/Strained_0/\Q[2] /Q
# /Strained_tb/Strained_0/\Q[3] /Q
# /Strained_tb/Strained_0/\Q[4] /Q
# /Strained_tb/Strained_0/\Q[5] /Q
# /Strained_tb/Strained_0/\Q[6] /Q
# /Strained_tb/Strained_0/\Q[7] /Q
# /Strained_tb/Strained_0/\Q[8] /Q
# /Strained_tb/Strained_0/\Q[9] /Q
# /Strained_tb/Strained_0/\Q[10] /Q
# /Strained_tb/Strained_0/\Q[11] /Q
# /Strained_tb/Strained_0/\Q[12] /Q
# /Strained_tb/Strained_0/\Q[13] /Q
# /Strained_tb/Strained_0/\Q[14] /Q
# /Strained_tb/Strained_0/\Q[15] /Q
# /Strained_tb/Strained_0/\Q[16] /Q
# /Strained_tb/Strained_0/\Q[17] /Q
# /Strained_tb/Strained_0/\Q[18] /Q
# /Strained_tb/Strained_0/\Q[19] /Q
# /Strained_tb/Strained_0/\Q[20] /Q
# /Strained_tb/Strained_0/\Q[21] /Q
# /Strained_tb/Strained_0/\Q[22] /Q
# /Strained_tb/Strained_0/\Q[23] /Q
# End time: 20:27:19 on Nov 03,2019, Elapsed time: 0:04:14
# Errors: 0, Warnings: 0
